[2022-07-22T03:06:04,027][ INFO] [test.context.support.DefaultTestContextBootstrapper]: Loaded default TestExecutionListener class names from location [META-INF/spring.factories]: [org.springframework.test.context.web.ServletTestExecutionListener, org.springframework.test.context.support.DirtiesContextBeforeModesTestExecutionListener, org.springframework.test.context.support.DependencyInjectionTestExecutionListener, org.springframework.test.context.support.DirtiesContextTestExecutionListener, org.springframework.test.context.transaction.TransactionalTestExecutionListener, org.springframework.test.context.jdbc.SqlScriptsTestExecutionListener, org.springframework.test.context.event.EventPublishingTestExecutionListener]
[2022-07-22T03:06:04,045][ INFO] [test.context.support.DefaultTestContextBootstrapper]: Using TestExecutionListeners: [org.springframework.test.context.web.ServletTestExecutionListener@7fcbe147, org.springframework.test.context.support.DirtiesContextBeforeModesTestExecutionListener@235f4c10, org.springframework.test.context.support.DependencyInjectionTestExecutionListener@743cb8e0, org.springframework.test.context.support.DirtiesContextTestExecutionListener@c7a975a, org.springframework.test.context.transaction.TransactionalTestExecutionListener@2c1b9e4b, org.springframework.test.context.jdbc.SqlScriptsTestExecutionListener@757d6814, org.springframework.test.context.event.EventPublishingTestExecutionListener@649725e3]
[2022-07-22T03:06:04,330][DEBUG] [apache.ibatis.logging.LogFactory]: Logging initialized using 'class org.apache.ibatis.logging.slf4j.Slf4jImpl' adapter.
[2022-07-22T03:06:04,351][DEBUG] [mybatis.spring.mapper.ClassPathMapperScanner]: Ignored because not a concrete top-level class: file [C:\spring\Board\target\test-classes\org\tmkim\mapper\BoardMapperTests.class]
[2022-07-22T03:06:04,353][DEBUG] [mybatis.spring.mapper.ClassPathMapperScanner]: Identified candidate component class: file [C:\spring\Board\target\classes\org\tmkim\mapper\BoardMapper.class]
[2022-07-22T03:06:04,357][DEBUG] [mybatis.spring.mapper.ClassPathMapperScanner]: Creating MapperFactoryBean with name 'boardMapper' and 'org.tmkim.mapper.BoardMapper' mapperInterface
[2022-07-22T03:06:04,359][DEBUG] [mybatis.spring.mapper.ClassPathMapperScanner]: Enabling autowire by type for MapperFactoryBean with name 'boardMapper'.
[2022-07-22T03:06:04,377][DEBUG] [com.zaxxer.hikari.HikariConfig]: Driver class net.sf.log4jdbc.sql.jdbcapi.DriverSpy found in Thread context class loader jdk.internal.loader.ClassLoaders$AppClassLoader@6659c656
[2022-07-22T03:06:04,380][DEBUG] [log4jdbc.debug]: log4jdbc-logj2 properties initialization...
[2022-07-22T03:06:04,380][DEBUG] [log4jdbc.debug]: Using logger: null
[2022-07-22T03:06:04,380][DEBUG] [log4jdbc.debug]: x log4jdbc.debug.stack.prefix is not defined
[2022-07-22T03:06:04,381][DEBUG] [log4jdbc.debug]: x log4jdbc.sqltiming.warn.threshold is not defined
[2022-07-22T03:06:04,381][DEBUG] [log4jdbc.debug]: x log4jdbc.sqltiming.error.threshold is not defined
[2022-07-22T03:06:04,381][DEBUG] [log4jdbc.debug]: x log4jdbc.dump.booleanastruefalse is not defined (using default value false)
[2022-07-22T03:06:04,381][DEBUG] [log4jdbc.debug]: x log4jdbc.dump.sql.maxlinelength is not defined (using default of 90)
[2022-07-22T03:06:04,381][DEBUG] [log4jdbc.debug]: x log4jdbc.dump.fulldebugstacktrace is not defined (using default value false)
[2022-07-22T03:06:04,381][DEBUG] [log4jdbc.debug]: x log4jdbc.statement.warn is not defined (using default value false)
[2022-07-22T03:06:04,381][DEBUG] [log4jdbc.debug]: x log4jdbc.dump.sql.select is not defined (using default value true)
[2022-07-22T03:06:04,381][DEBUG] [log4jdbc.debug]: x log4jdbc.dump.sql.insert is not defined (using default value true)
[2022-07-22T03:06:04,381][DEBUG] [log4jdbc.debug]: x log4jdbc.dump.sql.update is not defined (using default value true)
[2022-07-22T03:06:04,381][DEBUG] [log4jdbc.debug]: x log4jdbc.dump.sql.delete is not defined (using default value true)
[2022-07-22T03:06:04,382][DEBUG] [log4jdbc.debug]: x log4jdbc.dump.sql.create is not defined (using default value true)
[2022-07-22T03:06:04,382][DEBUG] [log4jdbc.debug]: x log4jdbc.dump.sql.addsemicolon is not defined (using default value false)
[2022-07-22T03:06:04,382][DEBUG] [log4jdbc.debug]: x log4jdbc.auto.load.popular.drivers is not defined (using default value true)
[2022-07-22T03:06:04,382][DEBUG] [log4jdbc.debug]: x log4jdbc.drivers is not defined
[2022-07-22T03:06:04,382][DEBUG] [log4jdbc.debug]: x log4jdbc.trim.sql is not defined (using default value true)
[2022-07-22T03:06:04,382][DEBUG] [log4jdbc.debug]: x log4jdbc.trim.sql.extrablanklines is not defined (using default value true)
[2022-07-22T03:06:04,382][DEBUG] [log4jdbc.debug]: x log4jdbc.suppress.generated.keys.exception is not defined (using default value false)
[2022-07-22T03:06:04,382][DEBUG] [log4jdbc.debug]: log4jdbc-logj2 properties initialization done.
[2022-07-22T03:06:04,382][DEBUG] [log4jdbc.debug]: DriverSpy intialization...
[2022-07-22T03:06:04,427][DEBUG] [log4jdbc.debug]:   FOUND DRIVER oracle.jdbc.OracleDriver
[2022-07-22T03:06:04,427][DEBUG] [log4jdbc.debug]:   FOUND DRIVER oracle.jdbc.driver.OracleDriver
[2022-07-22T03:06:04,429][DEBUG] [log4jdbc.debug]: DriverSpy intialization done.
[2022-07-22T03:06:04,442][DEBUG] [com.zaxxer.hikari.HikariConfig]: HikariPool-1 - configuration:
[2022-07-22T03:06:04,450][DEBUG] [com.zaxxer.hikari.HikariConfig]: allowPoolSuspension.............false
[2022-07-22T03:06:04,450][DEBUG] [com.zaxxer.hikari.HikariConfig]: autoCommit......................true
[2022-07-22T03:06:04,450][DEBUG] [com.zaxxer.hikari.HikariConfig]: catalog.........................none
[2022-07-22T03:06:04,450][DEBUG] [com.zaxxer.hikari.HikariConfig]: connectionInitSql...............none
[2022-07-22T03:06:04,451][DEBUG] [com.zaxxer.hikari.HikariConfig]: connectionTestQuery.............none
[2022-07-22T03:06:04,451][DEBUG] [com.zaxxer.hikari.HikariConfig]: connectionTimeout...............30000
[2022-07-22T03:06:04,451][DEBUG] [com.zaxxer.hikari.HikariConfig]: dataSource......................none
[2022-07-22T03:06:04,451][DEBUG] [com.zaxxer.hikari.HikariConfig]: dataSourceClassName.............none
[2022-07-22T03:06:04,451][DEBUG] [com.zaxxer.hikari.HikariConfig]: dataSourceJNDI..................none
[2022-07-22T03:06:04,452][DEBUG] [com.zaxxer.hikari.HikariConfig]: dataSourceProperties............{password=<masked>}
[2022-07-22T03:06:04,453][DEBUG] [com.zaxxer.hikari.HikariConfig]: driverClassName................."net.sf.log4jdbc.sql.jdbcapi.DriverSpy"
[2022-07-22T03:06:04,453][DEBUG] [com.zaxxer.hikari.HikariConfig]: exceptionOverrideClassName......none
[2022-07-22T03:06:04,453][DEBUG] [com.zaxxer.hikari.HikariConfig]: healthCheckProperties...........{}
[2022-07-22T03:06:04,453][DEBUG] [com.zaxxer.hikari.HikariConfig]: healthCheckRegistry.............none
[2022-07-22T03:06:04,454][DEBUG] [com.zaxxer.hikari.HikariConfig]: idleTimeout.....................600000
[2022-07-22T03:06:04,454][DEBUG] [com.zaxxer.hikari.HikariConfig]: initializationFailTimeout.......1
[2022-07-22T03:06:04,454][DEBUG] [com.zaxxer.hikari.HikariConfig]: isolateInternalQueries..........false
[2022-07-22T03:06:04,454][DEBUG] [com.zaxxer.hikari.HikariConfig]: jdbcUrl.........................jdbc:log4jdbc:oracle:thin:@localhost:1521:XE
[2022-07-22T03:06:04,454][DEBUG] [com.zaxxer.hikari.HikariConfig]: keepaliveTime...................0
[2022-07-22T03:06:04,455][DEBUG] [com.zaxxer.hikari.HikariConfig]: leakDetectionThreshold..........0
[2022-07-22T03:06:04,455][DEBUG] [com.zaxxer.hikari.HikariConfig]: maxLifetime.....................1800000
[2022-07-22T03:06:04,455][DEBUG] [com.zaxxer.hikari.HikariConfig]: maximumPoolSize.................10
[2022-07-22T03:06:04,455][DEBUG] [com.zaxxer.hikari.HikariConfig]: metricRegistry..................none
[2022-07-22T03:06:04,455][DEBUG] [com.zaxxer.hikari.HikariConfig]: metricsTrackerFactory...........none
[2022-07-22T03:06:04,455][DEBUG] [com.zaxxer.hikari.HikariConfig]: minimumIdle.....................10
[2022-07-22T03:06:04,456][DEBUG] [com.zaxxer.hikari.HikariConfig]: password........................<masked>
[2022-07-22T03:06:04,456][DEBUG] [com.zaxxer.hikari.HikariConfig]: poolName........................"HikariPool-1"
[2022-07-22T03:06:04,456][DEBUG] [com.zaxxer.hikari.HikariConfig]: readOnly........................false
[2022-07-22T03:06:04,457][DEBUG] [com.zaxxer.hikari.HikariConfig]: registerMbeans..................false
[2022-07-22T03:06:04,457][DEBUG] [com.zaxxer.hikari.HikariConfig]: scheduledExecutor...............none
[2022-07-22T03:06:04,457][DEBUG] [com.zaxxer.hikari.HikariConfig]: schema..........................none
[2022-07-22T03:06:04,458][DEBUG] [com.zaxxer.hikari.HikariConfig]: threadFactory...................internal
[2022-07-22T03:06:04,458][DEBUG] [com.zaxxer.hikari.HikariConfig]: transactionIsolation............default
[2022-07-22T03:06:04,458][DEBUG] [com.zaxxer.hikari.HikariConfig]: username........................"book_ex"
[2022-07-22T03:06:04,458][DEBUG] [com.zaxxer.hikari.HikariConfig]: validationTimeout...............5000
[2022-07-22T03:06:04,460][ INFO] [com.zaxxer.hikari.HikariDataSource]: HikariPool-1 - Starting...
[2022-07-22T03:06:05,268][ INFO] [log4jdbc.log4j2]:  com.zaxxer.hikari.util.DriverDataSource.getConnection(DriverDataSource.java:138)
1. Connection opened. {executed in 784ms} 
open connections:  1 (1)
[2022-07-22T03:06:05,270][ INFO] [log4jdbc.log4j2]:  com.zaxxer.hikari.util.DriverDataSource.getConnection(DriverDataSource.java:138)
1. Connection.new Connection returned 
[2022-07-22T03:06:05,270][ INFO] [log4jdbc.log4j2]:  com.zaxxer.hikari.pool.PoolBase.getAndSetNetworkTimeout(PoolBase.java:527)
1. Connection.getNetworkTimeout() returned 0
[2022-07-22T03:06:05,270][ INFO] [log4jdbc.log4j2]:  com.zaxxer.hikari.pool.PoolBase.setupConnection(PoolBase.java:403)
1. Connection.isReadOnly() returned false
[2022-07-22T03:06:05,271][ INFO] [log4jdbc.log4j2]:  com.zaxxer.hikari.pool.PoolBase.setupConnection(PoolBase.java:407)
1. Connection.getAutoCommit() returned true
[2022-07-22T03:06:05,272][ INFO] [log4jdbc.log4j2]:  com.zaxxer.hikari.pool.PoolBase.checkValidationSupport(PoolBase.java:459)
1. Connection.isValid(1) returned true
[2022-07-22T03:06:05,273][ INFO] [log4jdbc.log4j2]:  com.zaxxer.hikari.pool.PoolBase.checkDefaultIsolation(PoolBase.java:480)
1. Connection.getTransactionIsolation() returned 2
[2022-07-22T03:06:05,274][ INFO] [zaxxer.hikari.pool.HikariPool]: HikariPool-1 - Added connection net.sf.log4jdbc.sql.jdbcapi.ConnectionSpy@108d55c4
[2022-07-22T03:06:05,278][ INFO] [com.zaxxer.hikari.HikariDataSource]: HikariPool-1 - Start completed.
[2022-07-22T03:06:05,297][DEBUG] [org.mybatis.spring.SqlSessionFactoryBean]: Property 'configuration' or 'configLocation' not specified, using default MyBatis Configuration
[2022-07-22T03:06:05,340][DEBUG] [org.mybatis.spring.SqlSessionFactoryBean]: Property 'mapperLocations' was not specified.
[2022-07-22T03:06:05,380][DEBUG] [zaxxer.hikari.pool.HikariPool]: HikariPool-1 - Pool stats (total=1, active=0, idle=1, waiting=0)
[2022-07-22T03:06:05,413][ INFO] [log4jdbc.log4j2]:  com.zaxxer.hikari.util.DriverDataSource.getConnection(DriverDataSource.java:138)
2. Connection opened. {executed in 32ms} 
open connections:  1 2 (2)
[2022-07-22T03:06:05,413][ INFO] [log4jdbc.log4j2]:  com.zaxxer.hikari.util.DriverDataSource.getConnection(DriverDataSource.java:138)
2. Connection.new Connection returned 
[2022-07-22T03:06:05,413][ INFO] [log4jdbc.log4j2]:  com.zaxxer.hikari.pool.PoolBase.setupConnection(PoolBase.java:403)
2. Connection.isReadOnly() returned false
[2022-07-22T03:06:05,413][ INFO] [log4jdbc.log4j2]:  com.zaxxer.hikari.pool.PoolBase.setupConnection(PoolBase.java:407)
2. Connection.getAutoCommit() returned true
[2022-07-22T03:06:05,414][DEBUG] [zaxxer.hikari.pool.HikariPool]: HikariPool-1 - Added connection net.sf.log4jdbc.sql.jdbcapi.ConnectionSpy@7f44ad01
[2022-07-22T03:06:05,421][DEBUG] [org.mybatis.spring.SqlSessionUtils]: Creating a new SqlSession
[2022-07-22T03:06:05,427][DEBUG] [org.mybatis.spring.SqlSessionUtils]: SqlSession [org.apache.ibatis.session.defaults.DefaultSqlSession@3db972d2] was not registered for synchronization because synchronization is not active
[2022-07-22T03:06:05,440][ INFO] [log4jdbc.log4j2]:  com.zaxxer.hikari.pool.HikariProxyConnection.getAutoCommit(HikariProxyConnection.java:-1)
1. Connection.getAutoCommit() returned true
[2022-07-22T03:06:05,445][DEBUG] [mybatis.spring.transaction.SpringManagedTransaction]: JDBC Connection [HikariProxyConnection@17680342 wrapping net.sf.log4jdbc.sql.jdbcapi.ConnectionSpy@108d55c4] will not be managed by Spring
[2022-07-22T03:06:05,453][DEBUG] [tmkim.mapper.BoardMapper.getList]: ==>  Preparing: select * from tbl_board where bno > 0
[2022-07-22T03:06:05,456][ INFO] [log4jdbc.log4j2]:  com.zaxxer.hikari.util.DriverDataSource.getConnection(DriverDataSource.java:138)
3. Connection opened. {executed in 31ms} 
open connections:  1 2 3 (3)
[2022-07-22T03:06:05,456][ INFO] [log4jdbc.log4j2]:  com.zaxxer.hikari.util.DriverDataSource.getConnection(DriverDataSource.java:138)
3. Connection.new Connection returned 
[2022-07-22T03:06:05,456][ INFO] [log4jdbc.log4j2]:  com.zaxxer.hikari.pool.PoolBase.setupConnection(PoolBase.java:403)
3. Connection.isReadOnly() returned false
[2022-07-22T03:06:05,456][ INFO] [log4jdbc.log4j2]:  com.zaxxer.hikari.pool.PoolBase.setupConnection(PoolBase.java:407)
3. Connection.getAutoCommit() returned true
[2022-07-22T03:06:05,456][DEBUG] [zaxxer.hikari.pool.HikariPool]: HikariPool-1 - Added connection net.sf.log4jdbc.sql.jdbcapi.ConnectionSpy@5e727b2b
[2022-07-22T03:06:05,503][ INFO] [log4jdbc.log4j2]:  com.zaxxer.hikari.util.DriverDataSource.getConnection(DriverDataSource.java:138)
4. Connection opened. {executed in 33ms} 
open connections:  1 2 3 4 (4)
[2022-07-22T03:06:05,504][ INFO] [log4jdbc.log4j2]:  com.zaxxer.hikari.util.DriverDataSource.getConnection(DriverDataSource.java:138)
4. Connection.new Connection returned 
[2022-07-22T03:06:05,504][ INFO] [log4jdbc.log4j2]:  com.zaxxer.hikari.pool.PoolBase.setupConnection(PoolBase.java:403)
4. Connection.isReadOnly() returned false
[2022-07-22T03:06:05,504][ INFO] [log4jdbc.log4j2]:  com.zaxxer.hikari.pool.PoolBase.setupConnection(PoolBase.java:407)
4. Connection.getAutoCommit() returned true
[2022-07-22T03:06:05,504][DEBUG] [zaxxer.hikari.pool.HikariPool]: HikariPool-1 - Added connection net.sf.log4jdbc.sql.jdbcapi.ConnectionSpy@2a21e10c
[2022-07-22T03:06:05,550][ INFO] [log4jdbc.log4j2]:  com.zaxxer.hikari.util.DriverDataSource.getConnection(DriverDataSource.java:138)
5. Connection opened. {executed in 34ms} 
open connections:  1 2 3 4 5 (5)
[2022-07-22T03:06:05,550][ INFO] [log4jdbc.log4j2]:  com.zaxxer.hikari.util.DriverDataSource.getConnection(DriverDataSource.java:138)
5. Connection.new Connection returned 
[2022-07-22T03:06:05,551][ INFO] [log4jdbc.log4j2]:  com.zaxxer.hikari.pool.PoolBase.setupConnection(PoolBase.java:403)
5. Connection.isReadOnly() returned false
[2022-07-22T03:06:05,551][ INFO] [log4jdbc.log4j2]:  com.zaxxer.hikari.pool.PoolBase.setupConnection(PoolBase.java:407)
5. Connection.getAutoCommit() returned true
[2022-07-22T03:06:05,551][DEBUG] [zaxxer.hikari.pool.HikariPool]: HikariPool-1 - Added connection net.sf.log4jdbc.sql.jdbcapi.ConnectionSpy@2892edc
[2022-07-22T03:06:05,553][ INFO] [log4jdbc.log4j2]:  com.zaxxer.hikari.pool.ProxyConnection.prepareStatement(ProxyConnection.java:327)
1. PreparedStatement.new PreparedStatement returned 
[2022-07-22T03:06:05,554][ INFO] [log4jdbc.log4j2]:  com.zaxxer.hikari.pool.ProxyConnection.prepareStatement(ProxyConnection.java:327)
1. Connection.prepareStatement(select * from tbl_board where bno > 0) returned net.sf.log4jdbc.sql.jdbcapi.PreparedStatementSpy@733aa9d8
[2022-07-22T03:06:05,574][DEBUG] [tmkim.mapper.BoardMapper.getList]: ==> Parameters: 
[2022-07-22T03:06:05,624][ INFO] [log4jdbc.log4j2]:  com.zaxxer.hikari.util.DriverDataSource.getConnection(DriverDataSource.java:138)
6. Connection opened. {executed in 48ms} 
open connections:  1 2 3 4 5 6 (6)
[2022-07-22T03:06:05,624][ INFO] [log4jdbc.log4j2]:  com.zaxxer.hikari.util.DriverDataSource.getConnection(DriverDataSource.java:138)
6. Connection.new Connection returned 
[2022-07-22T03:06:05,625][ INFO] [log4jdbc.log4j2]:  com.zaxxer.hikari.pool.PoolBase.setupConnection(PoolBase.java:403)
6. Connection.isReadOnly() returned false
[2022-07-22T03:06:05,625][ INFO] [log4jdbc.log4j2]:  com.zaxxer.hikari.pool.PoolBase.setupConnection(PoolBase.java:407)
6. Connection.getAutoCommit() returned true
[2022-07-22T03:06:05,625][DEBUG] [zaxxer.hikari.pool.HikariPool]: HikariPool-1 - Added connection net.sf.log4jdbc.sql.jdbcapi.ConnectionSpy@6d388924
[2022-07-22T03:06:05,654][ INFO] [log4jdbc.log4j2]:  com.zaxxer.hikari.pool.ProxyPreparedStatement.execute(ProxyPreparedStatement.java:44)
1. select * from tbl_board where bno > 0  {executed in 80 ms}
[2022-07-22T03:06:05,655][ INFO] [log4jdbc.log4j2]:  com.zaxxer.hikari.pool.ProxyPreparedStatement.execute(ProxyPreparedStatement.java:44)
1. PreparedStatement.execute() returned true
[2022-07-22T03:06:05,664][ INFO] [log4jdbc.log4j2]:  com.zaxxer.hikari.pool.ProxyStatement.getResultSet(ProxyStatement.java:213)
1. ResultSet.new ResultSet returned 
[2022-07-22T03:06:05,665][ INFO] [log4jdbc.log4j2]:  com.zaxxer.hikari.pool.ProxyStatement.getResultSet(ProxyStatement.java:213)
1. PreparedStatement.getResultSet() returned net.sf.log4jdbc.sql.jdbcapi.ResultSetSpy@63cd2cd2
[2022-07-22T03:06:05,668][ INFO] [log4jdbc.log4j2]:  com.zaxxer.hikari.util.DriverDataSource.getConnection(DriverDataSource.java:138)
7. Connection opened. {executed in 32ms} 
open connections:  1 2 3 4 5 6 7 (7)
[2022-07-22T03:06:05,668][ INFO] [log4jdbc.log4j2]:  com.zaxxer.hikari.util.DriverDataSource.getConnection(DriverDataSource.java:138)
7. Connection.new Connection returned 
[2022-07-22T03:06:05,668][ INFO] [log4jdbc.log4j2]:  com.zaxxer.hikari.pool.PoolBase.setupConnection(PoolBase.java:403)
7. Connection.isReadOnly() returned false
[2022-07-22T03:06:05,669][ INFO] [log4jdbc.log4j2]:  com.zaxxer.hikari.pool.PoolBase.setupConnection(PoolBase.java:407)
7. Connection.getAutoCommit() returned true
[2022-07-22T03:06:05,669][DEBUG] [zaxxer.hikari.pool.HikariPool]: HikariPool-1 - Added connection net.sf.log4jdbc.sql.jdbcapi.ConnectionSpy@34899e07
[2022-07-22T03:06:05,682][ INFO] [log4jdbc.log4j2]:  com.zaxxer.hikari.pool.HikariProxyResultSet.getMetaData(HikariProxyResultSet.java:-1)
1. ResultSet.getMetaData() returned oracle.jdbc.driver.OracleResultSetMetaData@596a7f44
[2022-07-22T03:06:05,683][ INFO] [log4jdbc.log4j2]:  com.zaxxer.hikari.pool.HikariProxyResultSet.getType(HikariProxyResultSet.java:-1)
1. ResultSet.getType() returned 1003
[2022-07-22T03:06:05,683][ INFO] [log4jdbc.log4j2]:  com.zaxxer.hikari.pool.HikariProxyResultSet.isClosed(HikariProxyResultSet.java:-1)
1. ResultSet.isClosed() returned false
[2022-07-22T03:06:05,684][ INFO] [log4jdbc.log4j2]:  com.zaxxer.hikari.pool.HikariProxyResultSet.next(HikariProxyResultSet.java:-1)
1. ResultSet.next() returned true
[2022-07-22T03:06:05,693][ INFO] [log4jdbc.log4j2]:  com.zaxxer.hikari.pool.HikariProxyResultSet.getLong(HikariProxyResultSet.java:-1)
1. ResultSet.getLong(BNO) returned 1
[2022-07-22T03:06:05,694][ INFO] [log4jdbc.log4j2]:  com.zaxxer.hikari.pool.HikariProxyResultSet.getString(HikariProxyResultSet.java:-1)
1. ResultSet.getString(TITLE) returned 力格1
[2022-07-22T03:06:05,694][ INFO] [log4jdbc.log4j2]:  com.zaxxer.hikari.pool.HikariProxyResultSet.getString(HikariProxyResultSet.java:-1)
1. ResultSet.getString(CONTENT) returned 郴侩1
[2022-07-22T03:06:05,694][ INFO] [log4jdbc.log4j2]:  com.zaxxer.hikari.pool.HikariProxyResultSet.getString(HikariProxyResultSet.java:-1)
1. ResultSet.getString(WRITER) returned user00
[2022-07-22T03:06:05,698][ INFO] [log4jdbc.log4j2]:  com.zaxxer.hikari.pool.HikariProxyResultSet.getTimestamp(HikariProxyResultSet.java:-1)
1. ResultSet.getTimestamp(UPDATEDATE) returned 2022-07-22 01:08:26.0
[2022-07-22T03:06:05,699][ INFO] [log4jdbc.log4j2]:  com.zaxxer.hikari.pool.HikariProxyResultSet.isClosed(HikariProxyResultSet.java:-1)
1. ResultSet.isClosed() returned false
[2022-07-22T03:06:05,700][ INFO] [log4jdbc.log4j2]:  com.zaxxer.hikari.pool.HikariProxyResultSet.next(HikariProxyResultSet.java:-1)
1. ResultSet.next() returned true
[2022-07-22T03:06:05,700][ INFO] [log4jdbc.log4j2]:  com.zaxxer.hikari.pool.HikariProxyResultSet.getLong(HikariProxyResultSet.java:-1)
1. ResultSet.getLong(BNO) returned 2
[2022-07-22T03:06:05,700][ INFO] [log4jdbc.log4j2]:  com.zaxxer.hikari.pool.HikariProxyResultSet.getString(HikariProxyResultSet.java:-1)
1. ResultSet.getString(TITLE) returned 力格1
[2022-07-22T03:06:05,701][ INFO] [log4jdbc.log4j2]:  com.zaxxer.hikari.pool.HikariProxyResultSet.getString(HikariProxyResultSet.java:-1)
1. ResultSet.getString(CONTENT) returned 郴侩1
[2022-07-22T03:06:05,701][ INFO] [log4jdbc.log4j2]:  com.zaxxer.hikari.pool.HikariProxyResultSet.getString(HikariProxyResultSet.java:-1)
1. ResultSet.getString(WRITER) returned user01
[2022-07-22T03:06:05,701][ INFO] [log4jdbc.log4j2]:  com.zaxxer.hikari.pool.HikariProxyResultSet.getTimestamp(HikariProxyResultSet.java:-1)
1. ResultSet.getTimestamp(UPDATEDATE) returned 2022-07-22 01:09:22.0
[2022-07-22T03:06:05,701][ INFO] [log4jdbc.log4j2]:  com.zaxxer.hikari.pool.HikariProxyResultSet.isClosed(HikariProxyResultSet.java:-1)
1. ResultSet.isClosed() returned false
[2022-07-22T03:06:05,701][ INFO] [log4jdbc.log4j2]:  com.zaxxer.hikari.pool.HikariProxyResultSet.next(HikariProxyResultSet.java:-1)
1. ResultSet.next() returned true
[2022-07-22T03:06:05,702][ INFO] [log4jdbc.log4j2]:  com.zaxxer.hikari.pool.HikariProxyResultSet.getLong(HikariProxyResultSet.java:-1)
1. ResultSet.getLong(BNO) returned 3
[2022-07-22T03:06:05,702][ INFO] [log4jdbc.log4j2]:  com.zaxxer.hikari.pool.HikariProxyResultSet.getString(HikariProxyResultSet.java:-1)
1. ResultSet.getString(TITLE) returned 力格2
[2022-07-22T03:06:05,702][ INFO] [log4jdbc.log4j2]:  com.zaxxer.hikari.pool.HikariProxyResultSet.getString(HikariProxyResultSet.java:-1)
1. ResultSet.getString(CONTENT) returned 郴侩2
[2022-07-22T03:06:05,702][ INFO] [log4jdbc.log4j2]:  com.zaxxer.hikari.pool.HikariProxyResultSet.getString(HikariProxyResultSet.java:-1)
1. ResultSet.getString(WRITER) returned user02
[2022-07-22T03:06:05,702][ INFO] [log4jdbc.log4j2]:  com.zaxxer.hikari.pool.HikariProxyResultSet.getTimestamp(HikariProxyResultSet.java:-1)
1. ResultSet.getTimestamp(UPDATEDATE) returned 2022-07-22 01:09:22.0
[2022-07-22T03:06:05,703][ INFO] [log4jdbc.log4j2]:  com.zaxxer.hikari.pool.HikariProxyResultSet.isClosed(HikariProxyResultSet.java:-1)
1. ResultSet.isClosed() returned false
[2022-07-22T03:06:05,703][ INFO] [log4jdbc.log4j2]:  com.zaxxer.hikari.pool.HikariProxyResultSet.next(HikariProxyResultSet.java:-1)
1. ResultSet.next() returned true
[2022-07-22T03:06:05,703][ INFO] [log4jdbc.log4j2]:  com.zaxxer.hikari.pool.HikariProxyResultSet.getLong(HikariProxyResultSet.java:-1)
1. ResultSet.getLong(BNO) returned 4
[2022-07-22T03:06:05,703][ INFO] [log4jdbc.log4j2]:  com.zaxxer.hikari.pool.HikariProxyResultSet.getString(HikariProxyResultSet.java:-1)
1. ResultSet.getString(TITLE) returned 力格3
[2022-07-22T03:06:05,703][ INFO] [log4jdbc.log4j2]:  com.zaxxer.hikari.pool.HikariProxyResultSet.getString(HikariProxyResultSet.java:-1)
1. ResultSet.getString(CONTENT) returned 郴侩3
[2022-07-22T03:06:05,704][ INFO] [log4jdbc.log4j2]:  com.zaxxer.hikari.pool.HikariProxyResultSet.getString(HikariProxyResultSet.java:-1)
1. ResultSet.getString(WRITER) returned user03
[2022-07-22T03:06:05,704][ INFO] [log4jdbc.log4j2]:  com.zaxxer.hikari.pool.HikariProxyResultSet.getTimestamp(HikariProxyResultSet.java:-1)
1. ResultSet.getTimestamp(UPDATEDATE) returned 2022-07-22 01:09:22.0
[2022-07-22T03:06:05,704][ INFO] [log4jdbc.log4j2]:  com.zaxxer.hikari.pool.HikariProxyResultSet.isClosed(HikariProxyResultSet.java:-1)
1. ResultSet.isClosed() returned false
[2022-07-22T03:06:05,704][ INFO] [log4jdbc.log4j2]:  com.zaxxer.hikari.pool.HikariProxyResultSet.next(HikariProxyResultSet.java:-1)
1. ResultSet.next() returned true
[2022-07-22T03:06:05,704][ INFO] [log4jdbc.log4j2]:  com.zaxxer.hikari.pool.HikariProxyResultSet.getLong(HikariProxyResultSet.java:-1)
1. ResultSet.getLong(BNO) returned 5
[2022-07-22T03:06:05,704][ INFO] [log4jdbc.log4j2]:  com.zaxxer.hikari.pool.HikariProxyResultSet.getString(HikariProxyResultSet.java:-1)
1. ResultSet.getString(TITLE) returned 力格4
[2022-07-22T03:06:05,705][ INFO] [log4jdbc.log4j2]:  com.zaxxer.hikari.pool.HikariProxyResultSet.getString(HikariProxyResultSet.java:-1)
1. ResultSet.getString(CONTENT) returned 郴侩4
[2022-07-22T03:06:05,705][ INFO] [log4jdbc.log4j2]:  com.zaxxer.hikari.pool.HikariProxyResultSet.getString(HikariProxyResultSet.java:-1)
1. ResultSet.getString(WRITER) returned user04
[2022-07-22T03:06:05,705][ INFO] [log4jdbc.log4j2]:  com.zaxxer.hikari.pool.HikariProxyResultSet.getTimestamp(HikariProxyResultSet.java:-1)
1. ResultSet.getTimestamp(UPDATEDATE) returned 2022-07-22 01:09:22.0
[2022-07-22T03:06:05,705][ INFO] [log4jdbc.log4j2]:  com.zaxxer.hikari.pool.HikariProxyResultSet.isClosed(HikariProxyResultSet.java:-1)
1. ResultSet.isClosed() returned false
[2022-07-22T03:06:05,706][ INFO] [log4jdbc.log4j2]:  com.zaxxer.hikari.pool.HikariProxyResultSet.next(HikariProxyResultSet.java:-1)
1. ResultSet.next() returned true
[2022-07-22T03:06:05,706][ INFO] [log4jdbc.log4j2]:  com.zaxxer.hikari.pool.HikariProxyResultSet.getLong(HikariProxyResultSet.java:-1)
1. ResultSet.getLong(BNO) returned 6
[2022-07-22T03:06:05,707][ INFO] [log4jdbc.log4j2]:  com.zaxxer.hikari.pool.HikariProxyResultSet.getString(HikariProxyResultSet.java:-1)
1. ResultSet.getString(TITLE) returned 力格5
[2022-07-22T03:06:05,708][ INFO] [log4jdbc.log4j2]:  com.zaxxer.hikari.pool.HikariProxyResultSet.getString(HikariProxyResultSet.java:-1)
1. ResultSet.getString(CONTENT) returned 郴侩5
[2022-07-22T03:06:05,708][ INFO] [log4jdbc.log4j2]:  com.zaxxer.hikari.pool.HikariProxyResultSet.getString(HikariProxyResultSet.java:-1)
1. ResultSet.getString(WRITER) returned user05
[2022-07-22T03:06:05,708][ INFO] [log4jdbc.log4j2]:  com.zaxxer.hikari.pool.HikariProxyResultSet.getTimestamp(HikariProxyResultSet.java:-1)
1. ResultSet.getTimestamp(UPDATEDATE) returned 2022-07-22 01:09:22.0
[2022-07-22T03:06:05,709][ INFO] [log4jdbc.log4j2]:  com.zaxxer.hikari.pool.HikariProxyResultSet.isClosed(HikariProxyResultSet.java:-1)
1. ResultSet.isClosed() returned false
[2022-07-22T03:06:05,709][ INFO] [log4jdbc.log4j2]:  com.zaxxer.hikari.pool.HikariProxyResultSet.next(HikariProxyResultSet.java:-1)
1. ResultSet.next() returned true
[2022-07-22T03:06:05,709][ INFO] [log4jdbc.log4j2]:  com.zaxxer.hikari.pool.HikariProxyResultSet.getLong(HikariProxyResultSet.java:-1)
1. ResultSet.getLong(BNO) returned 7
[2022-07-22T03:06:05,710][ INFO] [log4jdbc.log4j2]:  com.zaxxer.hikari.pool.HikariProxyResultSet.getString(HikariProxyResultSet.java:-1)
1. ResultSet.getString(TITLE) returned 力格6
[2022-07-22T03:06:05,710][ INFO] [log4jdbc.log4j2]:  com.zaxxer.hikari.pool.HikariProxyResultSet.getString(HikariProxyResultSet.java:-1)
1. ResultSet.getString(CONTENT) returned 郴侩6
[2022-07-22T03:06:05,710][ INFO] [log4jdbc.log4j2]:  com.zaxxer.hikari.pool.HikariProxyResultSet.getString(HikariProxyResultSet.java:-1)
1. ResultSet.getString(WRITER) returned user06
[2022-07-22T03:06:05,711][ INFO] [log4jdbc.log4j2]:  com.zaxxer.hikari.pool.HikariProxyResultSet.getTimestamp(HikariProxyResultSet.java:-1)
1. ResultSet.getTimestamp(UPDATEDATE) returned 2022-07-22 01:09:22.0
[2022-07-22T03:06:05,711][ INFO] [log4jdbc.log4j2]:  com.zaxxer.hikari.pool.HikariProxyResultSet.isClosed(HikariProxyResultSet.java:-1)
1. ResultSet.isClosed() returned false
[2022-07-22T03:06:05,711][ INFO] [log4jdbc.log4j2]:  com.zaxxer.hikari.pool.HikariProxyResultSet.next(HikariProxyResultSet.java:-1)
1. ResultSet.next() returned true
[2022-07-22T03:06:05,712][ INFO] [log4jdbc.log4j2]:  com.zaxxer.hikari.pool.HikariProxyResultSet.getLong(HikariProxyResultSet.java:-1)
1. ResultSet.getLong(BNO) returned 8
[2022-07-22T03:06:05,712][ INFO] [log4jdbc.log4j2]:  com.zaxxer.hikari.pool.HikariProxyResultSet.getString(HikariProxyResultSet.java:-1)
1. ResultSet.getString(TITLE) returned 力格7
[2022-07-22T03:06:05,712][ INFO] [log4jdbc.log4j2]:  com.zaxxer.hikari.pool.HikariProxyResultSet.getString(HikariProxyResultSet.java:-1)
1. ResultSet.getString(CONTENT) returned 郴侩7
[2022-07-22T03:06:05,712][ INFO] [log4jdbc.log4j2]:  com.zaxxer.hikari.pool.HikariProxyResultSet.getString(HikariProxyResultSet.java:-1)
1. ResultSet.getString(WRITER) returned user07
[2022-07-22T03:06:05,713][ INFO] [log4jdbc.log4j2]:  com.zaxxer.hikari.pool.HikariProxyResultSet.getTimestamp(HikariProxyResultSet.java:-1)
1. ResultSet.getTimestamp(UPDATEDATE) returned 2022-07-22 01:09:22.0
[2022-07-22T03:06:05,713][ INFO] [log4jdbc.log4j2]:  com.zaxxer.hikari.pool.HikariProxyResultSet.isClosed(HikariProxyResultSet.java:-1)
1. ResultSet.isClosed() returned false
[2022-07-22T03:06:05,713][ INFO] [log4jdbc.log4j2]:  com.zaxxer.hikari.pool.HikariProxyResultSet.next(HikariProxyResultSet.java:-1)
1. ResultSet.next() returned true
[2022-07-22T03:06:05,713][ INFO] [log4jdbc.log4j2]:  com.zaxxer.hikari.pool.HikariProxyResultSet.getLong(HikariProxyResultSet.java:-1)
1. ResultSet.getLong(BNO) returned 9
[2022-07-22T03:06:05,714][ INFO] [log4jdbc.log4j2]:  com.zaxxer.hikari.pool.HikariProxyResultSet.getString(HikariProxyResultSet.java:-1)
1. ResultSet.getString(TITLE) returned 力格8
[2022-07-22T03:06:05,714][ INFO] [log4jdbc.log4j2]:  com.zaxxer.hikari.util.DriverDataSource.getConnection(DriverDataSource.java:138)
8. Connection opened. {executed in 33ms} 
open connections:  1 2 3 4 5 6 7 8 (8)
[2022-07-22T03:06:05,714][ INFO] [log4jdbc.log4j2]:  com.zaxxer.hikari.pool.HikariProxyResultSet.getString(HikariProxyResultSet.java:-1)
1. ResultSet.getString(CONTENT) returned 郴侩8
[2022-07-22T03:06:05,714][ INFO] [log4jdbc.log4j2]:  com.zaxxer.hikari.util.DriverDataSource.getConnection(DriverDataSource.java:138)
8. Connection.new Connection returned 
[2022-07-22T03:06:05,714][ INFO] [log4jdbc.log4j2]:  com.zaxxer.hikari.pool.HikariProxyResultSet.getString(HikariProxyResultSet.java:-1)
1. ResultSet.getString(WRITER) returned user08
[2022-07-22T03:06:05,714][ INFO] [log4jdbc.log4j2]:  com.zaxxer.hikari.pool.PoolBase.setupConnection(PoolBase.java:403)
8. Connection.isReadOnly() returned false
[2022-07-22T03:06:05,714][ INFO] [log4jdbc.log4j2]:  com.zaxxer.hikari.pool.PoolBase.setupConnection(PoolBase.java:407)
8. Connection.getAutoCommit() returned true
[2022-07-22T03:06:05,714][ INFO] [log4jdbc.log4j2]:  com.zaxxer.hikari.pool.HikariProxyResultSet.getTimestamp(HikariProxyResultSet.java:-1)
1. ResultSet.getTimestamp(UPDATEDATE) returned 2022-07-22 01:09:22.0
[2022-07-22T03:06:05,715][DEBUG] [zaxxer.hikari.pool.HikariPool]: HikariPool-1 - Added connection net.sf.log4jdbc.sql.jdbcapi.ConnectionSpy@632bc33f
[2022-07-22T03:06:05,715][ INFO] [log4jdbc.log4j2]:  com.zaxxer.hikari.pool.HikariProxyResultSet.isClosed(HikariProxyResultSet.java:-1)
1. ResultSet.isClosed() returned false
[2022-07-22T03:06:05,715][ INFO] [log4jdbc.log4j2]:  com.zaxxer.hikari.pool.HikariProxyResultSet.next(HikariProxyResultSet.java:-1)
1. ResultSet.next() returned true
[2022-07-22T03:06:05,715][ INFO] [log4jdbc.log4j2]:  com.zaxxer.hikari.pool.HikariProxyResultSet.getLong(HikariProxyResultSet.java:-1)
1. ResultSet.getLong(BNO) returned 10
[2022-07-22T03:06:05,715][ INFO] [log4jdbc.log4j2]:  com.zaxxer.hikari.pool.HikariProxyResultSet.getString(HikariProxyResultSet.java:-1)
1. ResultSet.getString(TITLE) returned 力格9
[2022-07-22T03:06:05,715][ INFO] [log4jdbc.log4j2]:  com.zaxxer.hikari.pool.HikariProxyResultSet.getString(HikariProxyResultSet.java:-1)
1. ResultSet.getString(CONTENT) returned 郴侩9
[2022-07-22T03:06:05,716][ INFO] [log4jdbc.log4j2]:  com.zaxxer.hikari.pool.HikariProxyResultSet.getString(HikariProxyResultSet.java:-1)
1. ResultSet.getString(WRITER) returned user09
[2022-07-22T03:06:05,716][ INFO] [log4jdbc.log4j2]:  com.zaxxer.hikari.pool.HikariProxyResultSet.getTimestamp(HikariProxyResultSet.java:-1)
1. ResultSet.getTimestamp(UPDATEDATE) returned 2022-07-22 01:09:22.0
[2022-07-22T03:06:05,716][ INFO] [log4jdbc.log4j2]:  com.zaxxer.hikari.pool.HikariProxyResultSet.isClosed(HikariProxyResultSet.java:-1)
1. ResultSet.isClosed() returned false
[2022-07-22T03:06:05,719][ INFO] [log4jdbc.log4j2]: 
|----|------|--------|-------|----------------------|----------------------|
|bno |title |content |writer |regdate               |updatedate            |
|----|------|--------|-------|----------------------|----------------------|
|1   |力格1   |郴侩1     |user00 |2022-07-22 01:08:26.0 |2022-07-22 01:08:26.0 |
|2   |力格1   |郴侩1     |user01 |2022-07-22 01:09:22.0 |2022-07-22 01:09:22.0 |
|3   |力格2   |郴侩2     |user02 |2022-07-22 01:09:22.0 |2022-07-22 01:09:22.0 |
|4   |力格3   |郴侩3     |user03 |2022-07-22 01:09:22.0 |2022-07-22 01:09:22.0 |
|5   |力格4   |郴侩4     |user04 |2022-07-22 01:09:22.0 |2022-07-22 01:09:22.0 |
|6   |力格5   |郴侩5     |user05 |2022-07-22 01:09:22.0 |2022-07-22 01:09:22.0 |
|7   |力格6   |郴侩6     |user06 |2022-07-22 01:09:22.0 |2022-07-22 01:09:22.0 |
|8   |力格7   |郴侩7     |user07 |2022-07-22 01:09:22.0 |2022-07-22 01:09:22.0 |
|9   |力格8   |郴侩8     |user08 |2022-07-22 01:09:22.0 |2022-07-22 01:09:22.0 |
|10  |力格9   |郴侩9     |user09 |2022-07-22 01:09:22.0 |2022-07-22 01:09:22.0 |
|----|------|--------|-------|----------------------|----------------------|

[2022-07-22T03:06:05,720][ INFO] [log4jdbc.log4j2]:  com.zaxxer.hikari.pool.HikariProxyResultSet.next(HikariProxyResultSet.java:-1)
1. ResultSet.next() returned false
[2022-07-22T03:06:05,720][DEBUG] [tmkim.mapper.BoardMapper.getList]: <==      Total: 10
[2022-07-22T03:06:05,720][ INFO] [log4jdbc.log4j2]:  com.zaxxer.hikari.pool.HikariProxyResultSet.close(HikariProxyResultSet.java:-1)
1. ResultSet.close() returned void
[2022-07-22T03:06:05,721][ INFO] [log4jdbc.log4j2]:  com.zaxxer.hikari.pool.ProxyConnection.getMetaData(ProxyConnection.java:370)
1. Connection.getMetaData() returned oracle.jdbc.driver.OracleDatabaseMetaData@35ee466f
[2022-07-22T03:06:05,723][ INFO] [log4jdbc.log4j2]:  com.zaxxer.hikari.pool.ProxyStatement.close(ProxyStatement.java:75)
1. PreparedStatement.close() returned 
[2022-07-22T03:06:05,724][DEBUG] [org.mybatis.spring.SqlSessionUtils]: Closing non transactional SqlSession [org.apache.ibatis.session.defaults.DefaultSqlSession@3db972d2]
[2022-07-22T03:06:05,725][ INFO] [log4jdbc.log4j2]:  com.zaxxer.hikari.pool.ProxyConnection.close(ProxyConnection.java:257)
1. Connection.clearWarnings() returned 
[2022-07-22T03:06:05,727][ INFO] [org.tmkim.mapper.BoardMapperTests]: BoardVO(bno=1, title=力格1, content=郴侩1, writer=user00, redate=null, updateDate=Fri Jul 22 01:08:26 KST 2022)
[2022-07-22T03:06:05,734][ INFO] [org.tmkim.mapper.BoardMapperTests]: BoardVO(bno=2, title=力格1, content=郴侩1, writer=user01, redate=null, updateDate=Fri Jul 22 01:09:22 KST 2022)
[2022-07-22T03:06:05,735][ INFO] [org.tmkim.mapper.BoardMapperTests]: BoardVO(bno=3, title=力格2, content=郴侩2, writer=user02, redate=null, updateDate=Fri Jul 22 01:09:22 KST 2022)
[2022-07-22T03:06:05,735][ INFO] [org.tmkim.mapper.BoardMapperTests]: BoardVO(bno=4, title=力格3, content=郴侩3, writer=user03, redate=null, updateDate=Fri Jul 22 01:09:22 KST 2022)
[2022-07-22T03:06:05,735][ INFO] [org.tmkim.mapper.BoardMapperTests]: BoardVO(bno=5, title=力格4, content=郴侩4, writer=user04, redate=null, updateDate=Fri Jul 22 01:09:22 KST 2022)
[2022-07-22T03:06:05,735][ INFO] [org.tmkim.mapper.BoardMapperTests]: BoardVO(bno=6, title=力格5, content=郴侩5, writer=user05, redate=null, updateDate=Fri Jul 22 01:09:22 KST 2022)
[2022-07-22T03:06:05,735][ INFO] [org.tmkim.mapper.BoardMapperTests]: BoardVO(bno=7, title=力格6, content=郴侩6, writer=user06, redate=null, updateDate=Fri Jul 22 01:09:22 KST 2022)
[2022-07-22T03:06:05,735][ INFO] [org.tmkim.mapper.BoardMapperTests]: BoardVO(bno=8, title=力格7, content=郴侩7, writer=user07, redate=null, updateDate=Fri Jul 22 01:09:22 KST 2022)
[2022-07-22T03:06:05,735][ INFO] [org.tmkim.mapper.BoardMapperTests]: BoardVO(bno=9, title=力格8, content=郴侩8, writer=user08, redate=null, updateDate=Fri Jul 22 01:09:22 KST 2022)
[2022-07-22T03:06:05,735][ INFO] [org.tmkim.mapper.BoardMapperTests]: BoardVO(bno=10, title=力格9, content=郴侩9, writer=user09, redate=null, updateDate=Fri Jul 22 01:09:22 KST 2022)
[2022-07-22T03:06:05,745][ INFO] [com.zaxxer.hikari.HikariDataSource]: HikariPool-1 - Shutdown initiated...
[2022-07-22T03:06:05,745][DEBUG] [zaxxer.hikari.pool.HikariPool]: HikariPool-1 - Before shutdown stats (total=8, active=0, idle=8, waiting=0)
