[2022-07-22T10:14:43,097][ INFO] [test.context.support.DefaultTestContextBootstrapper]: Loaded default TestExecutionListener class names from location [META-INF/spring.factories]: [org.springframework.test.context.web.ServletTestExecutionListener, org.springframework.test.context.support.DirtiesContextBeforeModesTestExecutionListener, org.springframework.test.context.support.DependencyInjectionTestExecutionListener, org.springframework.test.context.support.DirtiesContextTestExecutionListener, org.springframework.test.context.transaction.TransactionalTestExecutionListener, org.springframework.test.context.jdbc.SqlScriptsTestExecutionListener, org.springframework.test.context.event.EventPublishingTestExecutionListener]
[2022-07-22T10:14:43,117][ INFO] [test.context.support.DefaultTestContextBootstrapper]: Using TestExecutionListeners: [org.springframework.test.context.web.ServletTestExecutionListener@7fcbe147, org.springframework.test.context.support.DirtiesContextBeforeModesTestExecutionListener@235f4c10, org.springframework.test.context.support.DependencyInjectionTestExecutionListener@743cb8e0, org.springframework.test.context.support.DirtiesContextTestExecutionListener@c7a975a, org.springframework.test.context.transaction.TransactionalTestExecutionListener@2c1b9e4b, org.springframework.test.context.jdbc.SqlScriptsTestExecutionListener@757d6814, org.springframework.test.context.event.EventPublishingTestExecutionListener@649725e3]
[2022-07-22T10:14:43,379][DEBUG] [apache.ibatis.logging.LogFactory]: Logging initialized using 'class org.apache.ibatis.logging.slf4j.Slf4jImpl' adapter.
[2022-07-22T10:14:43,395][DEBUG] [mybatis.spring.mapper.ClassPathMapperScanner]: Ignored because not a concrete top-level class: file [C:\spring\Board\target\test-classes\org\tmkim\mapper\BoardMapperTests.class]
[2022-07-22T10:14:43,398][DEBUG] [mybatis.spring.mapper.ClassPathMapperScanner]: Identified candidate component class: file [C:\spring\Board\target\classes\org\tmkim\mapper\BoardMapper.class]
[2022-07-22T10:14:43,401][DEBUG] [mybatis.spring.mapper.ClassPathMapperScanner]: Creating MapperFactoryBean with name 'boardMapper' and 'org.tmkim.mapper.BoardMapper' mapperInterface
[2022-07-22T10:14:43,402][DEBUG] [mybatis.spring.mapper.ClassPathMapperScanner]: Enabling autowire by type for MapperFactoryBean with name 'boardMapper'.
[2022-07-22T10:14:43,421][DEBUG] [com.zaxxer.hikari.HikariConfig]: Driver class net.sf.log4jdbc.sql.jdbcapi.DriverSpy found in Thread context class loader jdk.internal.loader.ClassLoaders$AppClassLoader@6659c656
[2022-07-22T10:14:43,424][DEBUG] [log4jdbc.debug]: log4jdbc-logj2 properties initialization...
[2022-07-22T10:14:43,424][DEBUG] [log4jdbc.debug]: Using logger: null
[2022-07-22T10:14:43,424][DEBUG] [log4jdbc.debug]: x log4jdbc.debug.stack.prefix is not defined
[2022-07-22T10:14:43,424][DEBUG] [log4jdbc.debug]: x log4jdbc.sqltiming.warn.threshold is not defined
[2022-07-22T10:14:43,424][DEBUG] [log4jdbc.debug]: x log4jdbc.sqltiming.error.threshold is not defined
[2022-07-22T10:14:43,424][DEBUG] [log4jdbc.debug]: x log4jdbc.dump.booleanastruefalse is not defined (using default value false)
[2022-07-22T10:14:43,424][DEBUG] [log4jdbc.debug]: x log4jdbc.dump.sql.maxlinelength is not defined (using default of 90)
[2022-07-22T10:14:43,424][DEBUG] [log4jdbc.debug]: x log4jdbc.dump.fulldebugstacktrace is not defined (using default value false)
[2022-07-22T10:14:43,425][DEBUG] [log4jdbc.debug]: x log4jdbc.statement.warn is not defined (using default value false)
[2022-07-22T10:14:43,425][DEBUG] [log4jdbc.debug]: x log4jdbc.dump.sql.select is not defined (using default value true)
[2022-07-22T10:14:43,425][DEBUG] [log4jdbc.debug]: x log4jdbc.dump.sql.insert is not defined (using default value true)
[2022-07-22T10:14:43,425][DEBUG] [log4jdbc.debug]: x log4jdbc.dump.sql.update is not defined (using default value true)
[2022-07-22T10:14:43,425][DEBUG] [log4jdbc.debug]: x log4jdbc.dump.sql.delete is not defined (using default value true)
[2022-07-22T10:14:43,425][DEBUG] [log4jdbc.debug]: x log4jdbc.dump.sql.create is not defined (using default value true)
[2022-07-22T10:14:43,425][DEBUG] [log4jdbc.debug]: x log4jdbc.dump.sql.addsemicolon is not defined (using default value false)
[2022-07-22T10:14:43,425][DEBUG] [log4jdbc.debug]: x log4jdbc.auto.load.popular.drivers is not defined (using default value true)
[2022-07-22T10:14:43,425][DEBUG] [log4jdbc.debug]: x log4jdbc.drivers is not defined
[2022-07-22T10:14:43,425][DEBUG] [log4jdbc.debug]: x log4jdbc.trim.sql is not defined (using default value true)
[2022-07-22T10:14:43,426][DEBUG] [log4jdbc.debug]: x log4jdbc.trim.sql.extrablanklines is not defined (using default value true)
[2022-07-22T10:14:43,426][DEBUG] [log4jdbc.debug]: x log4jdbc.suppress.generated.keys.exception is not defined (using default value false)
[2022-07-22T10:14:43,426][DEBUG] [log4jdbc.debug]: log4jdbc-logj2 properties initialization done.
[2022-07-22T10:14:43,426][DEBUG] [log4jdbc.debug]: DriverSpy intialization...
[2022-07-22T10:14:43,479][DEBUG] [log4jdbc.debug]:   FOUND DRIVER oracle.jdbc.OracleDriver
[2022-07-22T10:14:43,479][DEBUG] [log4jdbc.debug]:   FOUND DRIVER oracle.jdbc.driver.OracleDriver
[2022-07-22T10:14:43,482][DEBUG] [log4jdbc.debug]: DriverSpy intialization done.
[2022-07-22T10:14:43,492][DEBUG] [com.zaxxer.hikari.HikariConfig]: HikariPool-1 - configuration:
[2022-07-22T10:14:43,500][DEBUG] [com.zaxxer.hikari.HikariConfig]: allowPoolSuspension.............false
[2022-07-22T10:14:43,500][DEBUG] [com.zaxxer.hikari.HikariConfig]: autoCommit......................true
[2022-07-22T10:14:43,501][DEBUG] [com.zaxxer.hikari.HikariConfig]: catalog.........................none
[2022-07-22T10:14:43,501][DEBUG] [com.zaxxer.hikari.HikariConfig]: connectionInitSql...............none
[2022-07-22T10:14:43,501][DEBUG] [com.zaxxer.hikari.HikariConfig]: connectionTestQuery.............none
[2022-07-22T10:14:43,501][DEBUG] [com.zaxxer.hikari.HikariConfig]: connectionTimeout...............30000
[2022-07-22T10:14:43,501][DEBUG] [com.zaxxer.hikari.HikariConfig]: dataSource......................none
[2022-07-22T10:14:43,501][DEBUG] [com.zaxxer.hikari.HikariConfig]: dataSourceClassName.............none
[2022-07-22T10:14:43,501][DEBUG] [com.zaxxer.hikari.HikariConfig]: dataSourceJNDI..................none
[2022-07-22T10:14:43,502][DEBUG] [com.zaxxer.hikari.HikariConfig]: dataSourceProperties............{password=<masked>}
[2022-07-22T10:14:43,502][DEBUG] [com.zaxxer.hikari.HikariConfig]: driverClassName................."net.sf.log4jdbc.sql.jdbcapi.DriverSpy"
[2022-07-22T10:14:43,503][DEBUG] [com.zaxxer.hikari.HikariConfig]: exceptionOverrideClassName......none
[2022-07-22T10:14:43,503][DEBUG] [com.zaxxer.hikari.HikariConfig]: healthCheckProperties...........{}
[2022-07-22T10:14:43,503][DEBUG] [com.zaxxer.hikari.HikariConfig]: healthCheckRegistry.............none
[2022-07-22T10:14:43,503][DEBUG] [com.zaxxer.hikari.HikariConfig]: idleTimeout.....................600000
[2022-07-22T10:14:43,503][DEBUG] [com.zaxxer.hikari.HikariConfig]: initializationFailTimeout.......1
[2022-07-22T10:14:43,503][DEBUG] [com.zaxxer.hikari.HikariConfig]: isolateInternalQueries..........false
[2022-07-22T10:14:43,503][DEBUG] [com.zaxxer.hikari.HikariConfig]: jdbcUrl.........................jdbc:log4jdbc:oracle:thin:@localhost:1521:XE
[2022-07-22T10:14:43,504][DEBUG] [com.zaxxer.hikari.HikariConfig]: keepaliveTime...................0
[2022-07-22T10:14:43,504][DEBUG] [com.zaxxer.hikari.HikariConfig]: leakDetectionThreshold..........0
[2022-07-22T10:14:43,504][DEBUG] [com.zaxxer.hikari.HikariConfig]: maxLifetime.....................1800000
[2022-07-22T10:14:43,504][DEBUG] [com.zaxxer.hikari.HikariConfig]: maximumPoolSize.................10
[2022-07-22T10:14:43,504][DEBUG] [com.zaxxer.hikari.HikariConfig]: metricRegistry..................none
[2022-07-22T10:14:43,504][DEBUG] [com.zaxxer.hikari.HikariConfig]: metricsTrackerFactory...........none
[2022-07-22T10:14:43,504][DEBUG] [com.zaxxer.hikari.HikariConfig]: minimumIdle.....................10
[2022-07-22T10:14:43,504][DEBUG] [com.zaxxer.hikari.HikariConfig]: password........................<masked>
[2022-07-22T10:14:43,505][DEBUG] [com.zaxxer.hikari.HikariConfig]: poolName........................"HikariPool-1"
[2022-07-22T10:14:43,505][DEBUG] [com.zaxxer.hikari.HikariConfig]: readOnly........................false
[2022-07-22T10:14:43,505][DEBUG] [com.zaxxer.hikari.HikariConfig]: registerMbeans..................false
[2022-07-22T10:14:43,505][DEBUG] [com.zaxxer.hikari.HikariConfig]: scheduledExecutor...............none
[2022-07-22T10:14:43,505][DEBUG] [com.zaxxer.hikari.HikariConfig]: schema..........................none
[2022-07-22T10:14:43,505][DEBUG] [com.zaxxer.hikari.HikariConfig]: threadFactory...................internal
[2022-07-22T10:14:43,505][DEBUG] [com.zaxxer.hikari.HikariConfig]: transactionIsolation............default
[2022-07-22T10:14:43,505][DEBUG] [com.zaxxer.hikari.HikariConfig]: username........................"book_ex"
[2022-07-22T10:14:43,506][DEBUG] [com.zaxxer.hikari.HikariConfig]: validationTimeout...............5000
[2022-07-22T10:14:43,506][ INFO] [com.zaxxer.hikari.HikariDataSource]: HikariPool-1 - Starting...
[2022-07-22T10:14:44,302][ INFO] [log4jdbc.log4j2]:  com.zaxxer.hikari.util.DriverDataSource.getConnection(DriverDataSource.java:138)
1. Connection opened. {executed in 778ms} 
open connections:  1 (1)
[2022-07-22T10:14:44,303][ INFO] [log4jdbc.log4j2]:  com.zaxxer.hikari.util.DriverDataSource.getConnection(DriverDataSource.java:138)
1. Connection.new Connection returned 
[2022-07-22T10:14:44,303][ INFO] [log4jdbc.log4j2]:  com.zaxxer.hikari.pool.PoolBase.getAndSetNetworkTimeout(PoolBase.java:527)
1. Connection.getNetworkTimeout() returned 0
[2022-07-22T10:14:44,304][ INFO] [log4jdbc.log4j2]:  com.zaxxer.hikari.pool.PoolBase.setupConnection(PoolBase.java:403)
1. Connection.isReadOnly() returned false
[2022-07-22T10:14:44,304][ INFO] [log4jdbc.log4j2]:  com.zaxxer.hikari.pool.PoolBase.setupConnection(PoolBase.java:407)
1. Connection.getAutoCommit() returned true
[2022-07-22T10:14:44,306][ INFO] [log4jdbc.log4j2]:  com.zaxxer.hikari.pool.PoolBase.checkValidationSupport(PoolBase.java:459)
1. Connection.isValid(1) returned true
[2022-07-22T10:14:44,306][ INFO] [log4jdbc.log4j2]:  com.zaxxer.hikari.pool.PoolBase.checkDefaultIsolation(PoolBase.java:480)
1. Connection.getTransactionIsolation() returned 2
[2022-07-22T10:14:44,308][ INFO] [zaxxer.hikari.pool.HikariPool]: HikariPool-1 - Added connection net.sf.log4jdbc.sql.jdbcapi.ConnectionSpy@f446158
[2022-07-22T10:14:44,310][ INFO] [com.zaxxer.hikari.HikariDataSource]: HikariPool-1 - Start completed.
[2022-07-22T10:14:44,328][DEBUG] [org.mybatis.spring.SqlSessionFactoryBean]: Property 'configuration' or 'configLocation' not specified, using default MyBatis Configuration
[2022-07-22T10:14:44,362][DEBUG] [org.mybatis.spring.SqlSessionFactoryBean]: Property 'mapperLocations' was not specified.
[2022-07-22T10:14:44,423][DEBUG] [zaxxer.hikari.pool.HikariPool]: HikariPool-1 - Pool stats (total=1, active=0, idle=1, waiting=0)
[2022-07-22T10:14:44,454][ INFO] [log4jdbc.log4j2]:  com.zaxxer.hikari.util.DriverDataSource.getConnection(DriverDataSource.java:138)
2. Connection opened. {executed in 29ms} 
open connections:  1 2 (2)
[2022-07-22T10:14:44,454][ INFO] [log4jdbc.log4j2]:  com.zaxxer.hikari.util.DriverDataSource.getConnection(DriverDataSource.java:138)
2. Connection.new Connection returned 
[2022-07-22T10:14:44,454][ INFO] [log4jdbc.log4j2]:  com.zaxxer.hikari.pool.PoolBase.setupConnection(PoolBase.java:403)
2. Connection.isReadOnly() returned false
[2022-07-22T10:14:44,454][ INFO] [log4jdbc.log4j2]:  com.zaxxer.hikari.pool.PoolBase.setupConnection(PoolBase.java:407)
2. Connection.getAutoCommit() returned true
[2022-07-22T10:14:44,455][DEBUG] [zaxxer.hikari.pool.HikariPool]: HikariPool-1 - Added connection net.sf.log4jdbc.sql.jdbcapi.ConnectionSpy@4a4b9b70
[2022-07-22T10:14:44,461][ERROR] [mybatis.spring.mapper.MapperFactoryBean]: Error while adding the mapper 'interface org.tmkim.mapper.BoardMapper' to configuration.
java.lang.IllegalArgumentException: Mapped Statements collection already contains value for org.tmkim.mapper.BoardMapper.getList. please check org/tmkim/mapper/BoardMapper.xml and org/tmkim/mapper/BoardMapper.java (best guess)
	at org.apache.ibatis.session.Configuration$StrictMap.put(Configuration.java:1046) ~[mybatis-3.5.10.jar:3.5.10]
	at org.apache.ibatis.session.Configuration$StrictMap.put(Configuration.java:1002) ~[mybatis-3.5.10.jar:3.5.10]
	at org.apache.ibatis.session.Configuration.addMappedStatement(Configuration.java:800) ~[mybatis-3.5.10.jar:3.5.10]
	at org.apache.ibatis.builder.MapperBuilderAssistant.addMappedStatement(MapperBuilderAssistant.java:297) ~[mybatis-3.5.10.jar:3.5.10]
	at org.apache.ibatis.builder.annotation.MapperAnnotationBuilder.lambda$parseStatement$2(MapperAnnotationBuilder.java:358) ~[mybatis-3.5.10.jar:3.5.10]
	at java.util.Optional.ifPresent(Optional.java:183) ~[?:?]
	at org.apache.ibatis.builder.annotation.MapperAnnotationBuilder.parseStatement(MapperAnnotationBuilder.java:300) ~[mybatis-3.5.10.jar:3.5.10]
	at org.apache.ibatis.builder.annotation.MapperAnnotationBuilder.parse(MapperAnnotationBuilder.java:132) ~[mybatis-3.5.10.jar:3.5.10]
	at org.apache.ibatis.binding.MapperRegistry.addMapper(MapperRegistry.java:72) ~[mybatis-3.5.10.jar:3.5.10]
	at org.apache.ibatis.session.Configuration.addMapper(Configuration.java:873) ~[mybatis-3.5.10.jar:3.5.10]
	at org.mybatis.spring.mapper.MapperFactoryBean.checkDaoConfig(MapperFactoryBean.java:80) [mybatis-spring-2.0.7.jar:2.0.7]
	at org.springframework.dao.support.DaoSupport.afterPropertiesSet(DaoSupport.java:44) [spring-tx-5.2.22.RELEASE.jar:5.2.22.RELEASE]
	at org.springframework.beans.factory.support.AbstractAutowireCapableBeanFactory.invokeInitMethods(AbstractAutowireCapableBeanFactory.java:1858) [spring-beans-5.2.22.RELEASE.jar:5.2.22.RELEASE]
	at org.springframework.beans.factory.support.AbstractAutowireCapableBeanFactory.initializeBean(AbstractAutowireCapableBeanFactory.java:1795) [spring-beans-5.2.22.RELEASE.jar:5.2.22.RELEASE]
	at org.springframework.beans.factory.support.AbstractAutowireCapableBeanFactory.doCreateBean(AbstractAutowireCapableBeanFactory.java:594) [spring-beans-5.2.22.RELEASE.jar:5.2.22.RELEASE]
	at org.springframework.beans.factory.support.AbstractAutowireCapableBeanFactory.createBean(AbstractAutowireCapableBeanFactory.java:516) [spring-beans-5.2.22.RELEASE.jar:5.2.22.RELEASE]
	at org.springframework.beans.factory.support.AbstractBeanFactory.lambda$doGetBean$0(AbstractBeanFactory.java:324) [spring-beans-5.2.22.RELEASE.jar:5.2.22.RELEASE]
	at org.springframework.beans.factory.support.DefaultSingletonBeanRegistry.getSingleton(DefaultSingletonBeanRegistry.java:234) [spring-beans-5.2.22.RELEASE.jar:5.2.22.RELEASE]
	at org.springframework.beans.factory.support.AbstractBeanFactory.doGetBean(AbstractBeanFactory.java:322) [spring-beans-5.2.22.RELEASE.jar:5.2.22.RELEASE]
	at org.springframework.beans.factory.support.AbstractBeanFactory.getBean(AbstractBeanFactory.java:202) [spring-beans-5.2.22.RELEASE.jar:5.2.22.RELEASE]
	at org.springframework.beans.factory.support.DefaultListableBeanFactory.preInstantiateSingletons(DefaultListableBeanFactory.java:878) [spring-beans-5.2.22.RELEASE.jar:5.2.22.RELEASE]
	at org.springframework.context.support.AbstractApplicationContext.finishBeanFactoryInitialization(AbstractApplicationContext.java:879) [spring-context-5.2.22.RELEASE.jar:5.2.22.RELEASE]
	at org.springframework.context.support.AbstractApplicationContext.refresh(AbstractApplicationContext.java:551) [spring-context-5.2.22.RELEASE.jar:5.2.22.RELEASE]
	at org.springframework.test.context.support.AbstractGenericContextLoader.loadContext(AbstractGenericContextLoader.java:127) [spring-test-5.2.22.RELEASE.jar:5.2.22.RELEASE]
	at org.springframework.test.context.support.AbstractGenericContextLoader.loadContext(AbstractGenericContextLoader.java:60) [spring-test-5.2.22.RELEASE.jar:5.2.22.RELEASE]
	at org.springframework.test.context.support.AbstractDelegatingSmartContextLoader.delegateLoading(AbstractDelegatingSmartContextLoader.java:275) [spring-test-5.2.22.RELEASE.jar:5.2.22.RELEASE]
	at org.springframework.test.context.support.AbstractDelegatingSmartContextLoader.loadContext(AbstractDelegatingSmartContextLoader.java:243) [spring-test-5.2.22.RELEASE.jar:5.2.22.RELEASE]
	at org.springframework.test.context.cache.DefaultCacheAwareContextLoaderDelegate.loadContextInternal(DefaultCacheAwareContextLoaderDelegate.java:99) [spring-test-5.2.22.RELEASE.jar:5.2.22.RELEASE]
	at org.springframework.test.context.cache.DefaultCacheAwareContextLoaderDelegate.loadContext(DefaultCacheAwareContextLoaderDelegate.java:124) [spring-test-5.2.22.RELEASE.jar:5.2.22.RELEASE]
	at org.springframework.test.context.support.DefaultTestContext.getApplicationContext(DefaultTestContext.java:123) [spring-test-5.2.22.RELEASE.jar:5.2.22.RELEASE]
	at org.springframework.test.context.support.DependencyInjectionTestExecutionListener.injectDependencies(DependencyInjectionTestExecutionListener.java:118) [spring-test-5.2.22.RELEASE.jar:5.2.22.RELEASE]
	at org.springframework.test.context.support.DependencyInjectionTestExecutionListener.prepareTestInstance(DependencyInjectionTestExecutionListener.java:83) [spring-test-5.2.22.RELEASE.jar:5.2.22.RELEASE]
	at org.springframework.test.context.TestContextManager.prepareTestInstance(TestContextManager.java:248) [spring-test-5.2.22.RELEASE.jar:5.2.22.RELEASE]
	at org.springframework.test.context.junit4.SpringJUnit4ClassRunner.createTest(SpringJUnit4ClassRunner.java:227) [spring-test-5.2.22.RELEASE.jar:5.2.22.RELEASE]
	at org.springframework.test.context.junit4.SpringJUnit4ClassRunner$1.runReflectiveCall(SpringJUnit4ClassRunner.java:289) [spring-test-5.2.22.RELEASE.jar:5.2.22.RELEASE]
	at org.junit.internal.runners.model.ReflectiveCallable.run(ReflectiveCallable.java:12) [org.junit_4.13.0.v20200204-1500.jar:4.13]
	at org.springframework.test.context.junit4.SpringJUnit4ClassRunner.methodBlock(SpringJUnit4ClassRunner.java:291) [spring-test-5.2.22.RELEASE.jar:5.2.22.RELEASE]
	at org.springframework.test.context.junit4.SpringJUnit4ClassRunner.runChild(SpringJUnit4ClassRunner.java:246) [spring-test-5.2.22.RELEASE.jar:5.2.22.RELEASE]
	at org.springframework.test.context.junit4.SpringJUnit4ClassRunner.runChild(SpringJUnit4ClassRunner.java:97) [spring-test-5.2.22.RELEASE.jar:5.2.22.RELEASE]
	at org.junit.runners.ParentRunner$4.run(ParentRunner.java:331) [org.junit_4.13.0.v20200204-1500.jar:4.13]
	at org.junit.runners.ParentRunner$1.schedule(ParentRunner.java:79) [org.junit_4.13.0.v20200204-1500.jar:4.13]
	at org.junit.runners.ParentRunner.runChildren(ParentRunner.java:329) [org.junit_4.13.0.v20200204-1500.jar:4.13]
	at org.junit.runners.ParentRunner.access$100(ParentRunner.java:66) [org.junit_4.13.0.v20200204-1500.jar:4.13]
	at org.junit.runners.ParentRunner$2.evaluate(ParentRunner.java:293) [org.junit_4.13.0.v20200204-1500.jar:4.13]
	at org.springframework.test.context.junit4.statements.RunBeforeTestClassCallbacks.evaluate(RunBeforeTestClassCallbacks.java:61) [spring-test-5.2.22.RELEASE.jar:5.2.22.RELEASE]
	at org.springframework.test.context.junit4.statements.RunAfterTestClassCallbacks.evaluate(RunAfterTestClassCallbacks.java:70) [spring-test-5.2.22.RELEASE.jar:5.2.22.RELEASE]
	at org.junit.runners.ParentRunner$3.evaluate(ParentRunner.java:306) [org.junit_4.13.0.v20200204-1500.jar:4.13]
	at org.junit.runners.ParentRunner.run(ParentRunner.java:413) [org.junit_4.13.0.v20200204-1500.jar:4.13]
	at org.springframework.test.context.junit4.SpringJUnit4ClassRunner.run(SpringJUnit4ClassRunner.java:190) [spring-test-5.2.22.RELEASE.jar:5.2.22.RELEASE]
	at org.eclipse.jdt.internal.junit4.runner.JUnit4TestReference.run(JUnit4TestReference.java:93) [.cp/:?]
	at org.eclipse.jdt.internal.junit.runner.TestExecution.run(TestExecution.java:40) [.cp/:?]
	at org.eclipse.jdt.internal.junit.runner.RemoteTestRunner.runTests(RemoteTestRunner.java:529) [.cp/:?]
	at org.eclipse.jdt.internal.junit.runner.RemoteTestRunner.runTests(RemoteTestRunner.java:756) [.cp/:?]
	at org.eclipse.jdt.internal.junit.runner.RemoteTestRunner.run(RemoteTestRunner.java:452) [.cp/:?]
	at org.eclipse.jdt.internal.junit.runner.RemoteTestRunner.main(RemoteTestRunner.java:210) [.cp/:?]
[2022-07-22T10:14:44,467][ WARN] [springframework.context.support.GenericApplicationContext]: Exception encountered during context initialization - cancelling refresh attempt: org.springframework.beans.factory.BeanCreationException: Error creating bean with name 'boardMapper' defined in file [C:\spring\Board\target\classes\org\tmkim\mapper\BoardMapper.class]: Invocation of init method failed; nested exception is java.lang.IllegalArgumentException: java.lang.IllegalArgumentException: Mapped Statements collection already contains value for org.tmkim.mapper.BoardMapper.getList. please check org/tmkim/mapper/BoardMapper.xml and org/tmkim/mapper/BoardMapper.java (best guess)
[2022-07-22T10:14:44,468][ INFO] [com.zaxxer.hikari.HikariDataSource]: HikariPool-1 - Shutdown initiated...
[2022-07-22T10:14:44,468][DEBUG] [zaxxer.hikari.pool.HikariPool]: HikariPool-1 - Before shutdown stats (total=2, active=0, idle=2, waiting=0)
[2022-07-22T10:14:44,470][DEBUG] [zaxxer.hikari.pool.PoolBase]: HikariPool-1 - Closing connection net.sf.log4jdbc.sql.jdbcapi.ConnectionSpy@f446158: (connection evicted)
[2022-07-22T10:14:44,471][ INFO] [log4jdbc.log4j2]:  com.zaxxer.hikari.pool.PoolBase.quietlyCloseConnection(PoolBase.java:137)
1. Connection closed. {executed in 1ms} 
open connections:  2 (1)
[2022-07-22T10:14:44,471][ INFO] [log4jdbc.log4j2]:  com.zaxxer.hikari.pool.PoolBase.quietlyCloseConnection(PoolBase.java:137)
1. Connection.close() returned 
[2022-07-22T10:14:44,472][DEBUG] [zaxxer.hikari.pool.PoolBase]: HikariPool-1 - Closing connection net.sf.log4jdbc.sql.jdbcapi.ConnectionSpy@4a4b9b70: (connection evicted)
[2022-07-22T10:14:44,473][ INFO] [log4jdbc.log4j2]:  com.zaxxer.hikari.pool.PoolBase.quietlyCloseConnection(PoolBase.java:137)
2. Connection closed. {executed in 1ms} 
open connections:  none
[2022-07-22T10:14:44,473][ INFO] [log4jdbc.log4j2]:  com.zaxxer.hikari.pool.PoolBase.quietlyCloseConnection(PoolBase.java:137)
2. Connection.close() returned 
[2022-07-22T10:14:44,494][ INFO] [log4jdbc.log4j2]:  com.zaxxer.hikari.util.DriverDataSource.getConnection(DriverDataSource.java:138)
3. Connection opened. {executed in 26ms} 
open connections:  3 (1)
[2022-07-22T10:14:44,494][ INFO] [log4jdbc.log4j2]:  com.zaxxer.hikari.util.DriverDataSource.getConnection(DriverDataSource.java:138)
3. Connection.new Connection returned 
[2022-07-22T10:14:44,495][ INFO] [log4jdbc.log4j2]:  com.zaxxer.hikari.pool.PoolBase.setupConnection(PoolBase.java:403)
3. Connection.isReadOnly() returned false
[2022-07-22T10:14:44,495][ INFO] [log4jdbc.log4j2]:  com.zaxxer.hikari.pool.PoolBase.setupConnection(PoolBase.java:407)
3. Connection.getAutoCommit() returned true
[2022-07-22T10:14:44,495][DEBUG] [zaxxer.hikari.pool.HikariPool]: HikariPool-1 - Added connection net.sf.log4jdbc.sql.jdbcapi.ConnectionSpy@6e720723
[2022-07-22T10:14:44,513][DEBUG] [zaxxer.hikari.pool.HikariPool]: HikariPool-1 - After adding stats (total=1, active=0, idle=1, waiting=0)
[2022-07-22T10:14:44,514][DEBUG] [zaxxer.hikari.pool.PoolBase]: HikariPool-1 - Closing connection net.sf.log4jdbc.sql.jdbcapi.ConnectionSpy@6e720723: (connection evicted)
[2022-07-22T10:14:44,515][ INFO] [log4jdbc.log4j2]:  com.zaxxer.hikari.pool.PoolBase.quietlyCloseConnection(PoolBase.java:137)
3. Connection closed. {executed in 1ms} 
open connections:  none
[2022-07-22T10:14:44,515][ INFO] [log4jdbc.log4j2]:  com.zaxxer.hikari.pool.PoolBase.quietlyCloseConnection(PoolBase.java:137)
3. Connection.close() returned 
[2022-07-22T10:14:44,516][DEBUG] [zaxxer.hikari.pool.HikariPool]: HikariPool-1 - After shutdown stats (total=0, active=0, idle=0, waiting=0)
[2022-07-22T10:14:44,516][ INFO] [com.zaxxer.hikari.HikariDataSource]: HikariPool-1 - Shutdown completed.
[2022-07-22T10:14:44,519][ERROR] [springframework.test.context.TestContextManager]: Caught exception while allowing TestExecutionListener [org.springframework.test.context.support.DependencyInjectionTestExecutionListener@743cb8e0] to prepare test instance [org.tmkim.mapper.BoardMapperTests@17690e14]
java.lang.IllegalStateException: Failed to load ApplicationContext
	at org.springframework.test.context.cache.DefaultCacheAwareContextLoaderDelegate.loadContext(DefaultCacheAwareContextLoaderDelegate.java:132) ~[spring-test-5.2.22.RELEASE.jar:5.2.22.RELEASE]
	at org.springframework.test.context.support.DefaultTestContext.getApplicationContext(DefaultTestContext.java:123) ~[spring-test-5.2.22.RELEASE.jar:5.2.22.RELEASE]
	at org.springframework.test.context.support.DependencyInjectionTestExecutionListener.injectDependencies(DependencyInjectionTestExecutionListener.java:118) ~[spring-test-5.2.22.RELEASE.jar:5.2.22.RELEASE]
	at org.springframework.test.context.support.DependencyInjectionTestExecutionListener.prepareTestInstance(DependencyInjectionTestExecutionListener.java:83) ~[spring-test-5.2.22.RELEASE.jar:5.2.22.RELEASE]
	at org.springframework.test.context.TestContextManager.prepareTestInstance(TestContextManager.java:248) [spring-test-5.2.22.RELEASE.jar:5.2.22.RELEASE]
	at org.springframework.test.context.junit4.SpringJUnit4ClassRunner.createTest(SpringJUnit4ClassRunner.java:227) [spring-test-5.2.22.RELEASE.jar:5.2.22.RELEASE]
	at org.springframework.test.context.junit4.SpringJUnit4ClassRunner$1.runReflectiveCall(SpringJUnit4ClassRunner.java:289) [spring-test-5.2.22.RELEASE.jar:5.2.22.RELEASE]
	at org.junit.internal.runners.model.ReflectiveCallable.run(ReflectiveCallable.java:12) [org.junit_4.13.0.v20200204-1500.jar:4.13]
	at org.springframework.test.context.junit4.SpringJUnit4ClassRunner.methodBlock(SpringJUnit4ClassRunner.java:291) [spring-test-5.2.22.RELEASE.jar:5.2.22.RELEASE]
	at org.springframework.test.context.junit4.SpringJUnit4ClassRunner.runChild(SpringJUnit4ClassRunner.java:246) [spring-test-5.2.22.RELEASE.jar:5.2.22.RELEASE]
	at org.springframework.test.context.junit4.SpringJUnit4ClassRunner.runChild(SpringJUnit4ClassRunner.java:97) [spring-test-5.2.22.RELEASE.jar:5.2.22.RELEASE]
	at org.junit.runners.ParentRunner$4.run(ParentRunner.java:331) [org.junit_4.13.0.v20200204-1500.jar:4.13]
	at org.junit.runners.ParentRunner$1.schedule(ParentRunner.java:79) [org.junit_4.13.0.v20200204-1500.jar:4.13]
	at org.junit.runners.ParentRunner.runChildren(ParentRunner.java:329) [org.junit_4.13.0.v20200204-1500.jar:4.13]
	at org.junit.runners.ParentRunner.access$100(ParentRunner.java:66) [org.junit_4.13.0.v20200204-1500.jar:4.13]
	at org.junit.runners.ParentRunner$2.evaluate(ParentRunner.java:293) [org.junit_4.13.0.v20200204-1500.jar:4.13]
	at org.springframework.test.context.junit4.statements.RunBeforeTestClassCallbacks.evaluate(RunBeforeTestClassCallbacks.java:61) [spring-test-5.2.22.RELEASE.jar:5.2.22.RELEASE]
	at org.springframework.test.context.junit4.statements.RunAfterTestClassCallbacks.evaluate(RunAfterTestClassCallbacks.java:70) [spring-test-5.2.22.RELEASE.jar:5.2.22.RELEASE]
	at org.junit.runners.ParentRunner$3.evaluate(ParentRunner.java:306) [org.junit_4.13.0.v20200204-1500.jar:4.13]
	at org.junit.runners.ParentRunner.run(ParentRunner.java:413) [org.junit_4.13.0.v20200204-1500.jar:4.13]
	at org.springframework.test.context.junit4.SpringJUnit4ClassRunner.run(SpringJUnit4ClassRunner.java:190) [spring-test-5.2.22.RELEASE.jar:5.2.22.RELEASE]
	at org.eclipse.jdt.internal.junit4.runner.JUnit4TestReference.run(JUnit4TestReference.java:93) [.cp/:?]
	at org.eclipse.jdt.internal.junit.runner.TestExecution.run(TestExecution.java:40) [.cp/:?]
	at org.eclipse.jdt.internal.junit.runner.RemoteTestRunner.runTests(RemoteTestRunner.java:529) [.cp/:?]
	at org.eclipse.jdt.internal.junit.runner.RemoteTestRunner.runTests(RemoteTestRunner.java:756) [.cp/:?]
	at org.eclipse.jdt.internal.junit.runner.RemoteTestRunner.run(RemoteTestRunner.java:452) [.cp/:?]
	at org.eclipse.jdt.internal.junit.runner.RemoteTestRunner.main(RemoteTestRunner.java:210) [.cp/:?]
Caused by: org.springframework.beans.factory.BeanCreationException: Error creating bean with name 'boardMapper' defined in file [C:\spring\Board\target\classes\org\tmkim\mapper\BoardMapper.class]: Invocation of init method failed; nested exception is java.lang.IllegalArgumentException: java.lang.IllegalArgumentException: Mapped Statements collection already contains value for org.tmkim.mapper.BoardMapper.getList. please check org/tmkim/mapper/BoardMapper.xml and org/tmkim/mapper/BoardMapper.java (best guess)
	at org.springframework.beans.factory.support.AbstractAutowireCapableBeanFactory.initializeBean(AbstractAutowireCapableBeanFactory.java:1799) ~[spring-beans-5.2.22.RELEASE.jar:5.2.22.RELEASE]
	at org.springframework.beans.factory.support.AbstractAutowireCapableBeanFactory.doCreateBean(AbstractAutowireCapableBeanFactory.java:594) ~[spring-beans-5.2.22.RELEASE.jar:5.2.22.RELEASE]
	at org.springframework.beans.factory.support.AbstractAutowireCapableBeanFactory.createBean(AbstractAutowireCapableBeanFactory.java:516) ~[spring-beans-5.2.22.RELEASE.jar:5.2.22.RELEASE]
	at org.springframework.beans.factory.support.AbstractBeanFactory.lambda$doGetBean$0(AbstractBeanFactory.java:324) ~[spring-beans-5.2.22.RELEASE.jar:5.2.22.RELEASE]
	at org.springframework.beans.factory.support.DefaultSingletonBeanRegistry.getSingleton(DefaultSingletonBeanRegistry.java:234) ~[spring-beans-5.2.22.RELEASE.jar:5.2.22.RELEASE]
	at org.springframework.beans.factory.support.AbstractBeanFactory.doGetBean(AbstractBeanFactory.java:322) ~[spring-beans-5.2.22.RELEASE.jar:5.2.22.RELEASE]
	at org.springframework.beans.factory.support.AbstractBeanFactory.getBean(AbstractBeanFactory.java:202) ~[spring-beans-5.2.22.RELEASE.jar:5.2.22.RELEASE]
	at org.springframework.beans.factory.support.DefaultListableBeanFactory.preInstantiateSingletons(DefaultListableBeanFactory.java:878) ~[spring-beans-5.2.22.RELEASE.jar:5.2.22.RELEASE]
	at org.springframework.context.support.AbstractApplicationContext.finishBeanFactoryInitialization(AbstractApplicationContext.java:879) ~[spring-context-5.2.22.RELEASE.jar:5.2.22.RELEASE]
	at org.springframework.context.support.AbstractApplicationContext.refresh(AbstractApplicationContext.java:551) ~[spring-context-5.2.22.RELEASE.jar:5.2.22.RELEASE]
	at org.springframework.test.context.support.AbstractGenericContextLoader.loadContext(AbstractGenericContextLoader.java:127) ~[spring-test-5.2.22.RELEASE.jar:5.2.22.RELEASE]
	at org.springframework.test.context.support.AbstractGenericContextLoader.loadContext(AbstractGenericContextLoader.java:60) ~[spring-test-5.2.22.RELEASE.jar:5.2.22.RELEASE]
	at org.springframework.test.context.support.AbstractDelegatingSmartContextLoader.delegateLoading(AbstractDelegatingSmartContextLoader.java:275) ~[spring-test-5.2.22.RELEASE.jar:5.2.22.RELEASE]
	at org.springframework.test.context.support.AbstractDelegatingSmartContextLoader.loadContext(AbstractDelegatingSmartContextLoader.java:243) ~[spring-test-5.2.22.RELEASE.jar:5.2.22.RELEASE]
	at org.springframework.test.context.cache.DefaultCacheAwareContextLoaderDelegate.loadContextInternal(DefaultCacheAwareContextLoaderDelegate.java:99) ~[spring-test-5.2.22.RELEASE.jar:5.2.22.RELEASE]
	at org.springframework.test.context.cache.DefaultCacheAwareContextLoaderDelegate.loadContext(DefaultCacheAwareContextLoaderDelegate.java:124) ~[spring-test-5.2.22.RELEASE.jar:5.2.22.RELEASE]
	... 26 more
Caused by: java.lang.IllegalArgumentException: java.lang.IllegalArgumentException: Mapped Statements collection already contains value for org.tmkim.mapper.BoardMapper.getList. please check org/tmkim/mapper/BoardMapper.xml and org/tmkim/mapper/BoardMapper.java (best guess)
	at org.mybatis.spring.mapper.MapperFactoryBean.checkDaoConfig(MapperFactoryBean.java:83) ~[mybatis-spring-2.0.7.jar:2.0.7]
	at org.springframework.dao.support.DaoSupport.afterPropertiesSet(DaoSupport.java:44) ~[spring-tx-5.2.22.RELEASE.jar:5.2.22.RELEASE]
	at org.springframework.beans.factory.support.AbstractAutowireCapableBeanFactory.invokeInitMethods(AbstractAutowireCapableBeanFactory.java:1858) ~[spring-beans-5.2.22.RELEASE.jar:5.2.22.RELEASE]
	at org.springframework.beans.factory.support.AbstractAutowireCapableBeanFactory.initializeBean(AbstractAutowireCapableBeanFactory.java:1795) ~[spring-beans-5.2.22.RELEASE.jar:5.2.22.RELEASE]
	at org.springframework.beans.factory.support.AbstractAutowireCapableBeanFactory.doCreateBean(AbstractAutowireCapableBeanFactory.java:594) ~[spring-beans-5.2.22.RELEASE.jar:5.2.22.RELEASE]
	at org.springframework.beans.factory.support.AbstractAutowireCapableBeanFactory.createBean(AbstractAutowireCapableBeanFactory.java:516) ~[spring-beans-5.2.22.RELEASE.jar:5.2.22.RELEASE]
	at org.springframework.beans.factory.support.AbstractBeanFactory.lambda$doGetBean$0(AbstractBeanFactory.java:324) ~[spring-beans-5.2.22.RELEASE.jar:5.2.22.RELEASE]
	at org.springframework.beans.factory.support.DefaultSingletonBeanRegistry.getSingleton(DefaultSingletonBeanRegistry.java:234) ~[spring-beans-5.2.22.RELEASE.jar:5.2.22.RELEASE]
	at org.springframework.beans.factory.support.AbstractBeanFactory.doGetBean(AbstractBeanFactory.java:322) ~[spring-beans-5.2.22.RELEASE.jar:5.2.22.RELEASE]
	at org.springframework.beans.factory.support.AbstractBeanFactory.getBean(AbstractBeanFactory.java:202) ~[spring-beans-5.2.22.RELEASE.jar:5.2.22.RELEASE]
	at org.springframework.beans.factory.support.DefaultListableBeanFactory.preInstantiateSingletons(DefaultListableBeanFactory.java:878) ~[spring-beans-5.2.22.RELEASE.jar:5.2.22.RELEASE]
	at org.springframework.context.support.AbstractApplicationContext.finishBeanFactoryInitialization(AbstractApplicationContext.java:879) ~[spring-context-5.2.22.RELEASE.jar:5.2.22.RELEASE]
	at org.springframework.context.support.AbstractApplicationContext.refresh(AbstractApplicationContext.java:551) ~[spring-context-5.2.22.RELEASE.jar:5.2.22.RELEASE]
	at org.springframework.test.context.support.AbstractGenericContextLoader.loadContext(AbstractGenericContextLoader.java:127) ~[spring-test-5.2.22.RELEASE.jar:5.2.22.RELEASE]
	at org.springframework.test.context.support.AbstractGenericContextLoader.loadContext(AbstractGenericContextLoader.java:60) ~[spring-test-5.2.22.RELEASE.jar:5.2.22.RELEASE]
	at org.springframework.test.context.support.AbstractDelegatingSmartContextLoader.delegateLoading(AbstractDelegatingSmartContextLoader.java:275) ~[spring-test-5.2.22.RELEASE.jar:5.2.22.RELEASE]
	at org.springframework.test.context.support.AbstractDelegatingSmartContextLoader.loadContext(AbstractDelegatingSmartContextLoader.java:243) ~[spring-test-5.2.22.RELEASE.jar:5.2.22.RELEASE]
	at org.springframework.test.context.cache.DefaultCacheAwareContextLoaderDelegate.loadContextInternal(DefaultCacheAwareContextLoaderDelegate.java:99) ~[spring-test-5.2.22.RELEASE.jar:5.2.22.RELEASE]
	at org.springframework.test.context.cache.DefaultCacheAwareContextLoaderDelegate.loadContext(DefaultCacheAwareContextLoaderDelegate.java:124) ~[spring-test-5.2.22.RELEASE.jar:5.2.22.RELEASE]
	... 26 more
Caused by: java.lang.IllegalArgumentException: Mapped Statements collection already contains value for org.tmkim.mapper.BoardMapper.getList. please check org/tmkim/mapper/BoardMapper.xml and org/tmkim/mapper/BoardMapper.java (best guess)
	at org.apache.ibatis.session.Configuration$StrictMap.put(Configuration.java:1046) ~[mybatis-3.5.10.jar:3.5.10]
	at org.apache.ibatis.session.Configuration$StrictMap.put(Configuration.java:1002) ~[mybatis-3.5.10.jar:3.5.10]
	at org.apache.ibatis.session.Configuration.addMappedStatement(Configuration.java:800) ~[mybatis-3.5.10.jar:3.5.10]
	at org.apache.ibatis.builder.MapperBuilderAssistant.addMappedStatement(MapperBuilderAssistant.java:297) ~[mybatis-3.5.10.jar:3.5.10]
	at org.apache.ibatis.builder.annotation.MapperAnnotationBuilder.lambda$parseStatement$2(MapperAnnotationBuilder.java:358) ~[mybatis-3.5.10.jar:3.5.10]
	at java.util.Optional.ifPresent(Optional.java:183) ~[?:?]
	at org.apache.ibatis.builder.annotation.MapperAnnotationBuilder.parseStatement(MapperAnnotationBuilder.java:300) ~[mybatis-3.5.10.jar:3.5.10]
	at org.apache.ibatis.builder.annotation.MapperAnnotationBuilder.parse(MapperAnnotationBuilder.java:132) ~[mybatis-3.5.10.jar:3.5.10]
	at org.apache.ibatis.binding.MapperRegistry.addMapper(MapperRegistry.java:72) ~[mybatis-3.5.10.jar:3.5.10]
	at org.apache.ibatis.session.Configuration.addMapper(Configuration.java:873) ~[mybatis-3.5.10.jar:3.5.10]
	at org.mybatis.spring.mapper.MapperFactoryBean.checkDaoConfig(MapperFactoryBean.java:80) ~[mybatis-spring-2.0.7.jar:2.0.7]
	at org.springframework.dao.support.DaoSupport.afterPropertiesSet(DaoSupport.java:44) ~[spring-tx-5.2.22.RELEASE.jar:5.2.22.RELEASE]
	at org.springframework.beans.factory.support.AbstractAutowireCapableBeanFactory.invokeInitMethods(AbstractAutowireCapableBeanFactory.java:1858) ~[spring-beans-5.2.22.RELEASE.jar:5.2.22.RELEASE]
	at org.springframework.beans.factory.support.AbstractAutowireCapableBeanFactory.initializeBean(AbstractAutowireCapableBeanFactory.java:1795) ~[spring-beans-5.2.22.RELEASE.jar:5.2.22.RELEASE]
	at org.springframework.beans.factory.support.AbstractAutowireCapableBeanFactory.doCreateBean(AbstractAutowireCapableBeanFactory.java:594) ~[spring-beans-5.2.22.RELEASE.jar:5.2.22.RELEASE]
	at org.springframework.beans.factory.support.AbstractAutowireCapableBeanFactory.createBean(AbstractAutowireCapableBeanFactory.java:516) ~[spring-beans-5.2.22.RELEASE.jar:5.2.22.RELEASE]
	at org.springframework.beans.factory.support.AbstractBeanFactory.lambda$doGetBean$0(AbstractBeanFactory.java:324) ~[spring-beans-5.2.22.RELEASE.jar:5.2.22.RELEASE]
	at org.springframework.beans.factory.support.DefaultSingletonBeanRegistry.getSingleton(DefaultSingletonBeanRegistry.java:234) ~[spring-beans-5.2.22.RELEASE.jar:5.2.22.RELEASE]
	at org.springframework.beans.factory.support.AbstractBeanFactory.doGetBean(AbstractBeanFactory.java:322) ~[spring-beans-5.2.22.RELEASE.jar:5.2.22.RELEASE]
	at org.springframework.beans.factory.support.AbstractBeanFactory.getBean(AbstractBeanFactory.java:202) ~[spring-beans-5.2.22.RELEASE.jar:5.2.22.RELEASE]
	at org.springframework.beans.factory.support.DefaultListableBeanFactory.preInstantiateSingletons(DefaultListableBeanFactory.java:878) ~[spring-beans-5.2.22.RELEASE.jar:5.2.22.RELEASE]
	at org.springframework.context.support.AbstractApplicationContext.finishBeanFactoryInitialization(AbstractApplicationContext.java:879) ~[spring-context-5.2.22.RELEASE.jar:5.2.22.RELEASE]
	at org.springframework.context.support.AbstractApplicationContext.refresh(AbstractApplicationContext.java:551) ~[spring-context-5.2.22.RELEASE.jar:5.2.22.RELEASE]
	at org.springframework.test.context.support.AbstractGenericContextLoader.loadContext(AbstractGenericContextLoader.java:127) ~[spring-test-5.2.22.RELEASE.jar:5.2.22.RELEASE]
	at org.springframework.test.context.support.AbstractGenericContextLoader.loadContext(AbstractGenericContextLoader.java:60) ~[spring-test-5.2.22.RELEASE.jar:5.2.22.RELEASE]
	at org.springframework.test.context.support.AbstractDelegatingSmartContextLoader.delegateLoading(AbstractDelegatingSmartContextLoader.java:275) ~[spring-test-5.2.22.RELEASE.jar:5.2.22.RELEASE]
	at org.springframework.test.context.support.AbstractDelegatingSmartContextLoader.loadContext(AbstractDelegatingSmartContextLoader.java:243) ~[spring-test-5.2.22.RELEASE.jar:5.2.22.RELEASE]
	at org.springframework.test.context.cache.DefaultCacheAwareContextLoaderDelegate.loadContextInternal(DefaultCacheAwareContextLoaderDelegate.java:99) ~[spring-test-5.2.22.RELEASE.jar:5.2.22.RELEASE]
	at org.springframework.test.context.cache.DefaultCacheAwareContextLoaderDelegate.loadContext(DefaultCacheAwareContextLoaderDelegate.java:124) ~[spring-test-5.2.22.RELEASE.jar:5.2.22.RELEASE]
	... 26 more
[2022-07-22T10:16:14,481][ INFO] [test.context.support.DefaultTestContextBootstrapper]: Loaded default TestExecutionListener class names from location [META-INF/spring.factories]: [org.springframework.test.context.web.ServletTestExecutionListener, org.springframework.test.context.support.DirtiesContextBeforeModesTestExecutionListener, org.springframework.test.context.support.DependencyInjectionTestExecutionListener, org.springframework.test.context.support.DirtiesContextTestExecutionListener, org.springframework.test.context.transaction.TransactionalTestExecutionListener, org.springframework.test.context.jdbc.SqlScriptsTestExecutionListener, org.springframework.test.context.event.EventPublishingTestExecutionListener]
[2022-07-22T10:16:14,498][ INFO] [test.context.support.DefaultTestContextBootstrapper]: Using TestExecutionListeners: [org.springframework.test.context.web.ServletTestExecutionListener@7fcbe147, org.springframework.test.context.support.DirtiesContextBeforeModesTestExecutionListener@235f4c10, org.springframework.test.context.support.DependencyInjectionTestExecutionListener@743cb8e0, org.springframework.test.context.support.DirtiesContextTestExecutionListener@c7a975a, org.springframework.test.context.transaction.TransactionalTestExecutionListener@2c1b9e4b, org.springframework.test.context.jdbc.SqlScriptsTestExecutionListener@757d6814, org.springframework.test.context.event.EventPublishingTestExecutionListener@649725e3]
[2022-07-22T10:16:14,749][DEBUG] [apache.ibatis.logging.LogFactory]: Logging initialized using 'class org.apache.ibatis.logging.slf4j.Slf4jImpl' adapter.
[2022-07-22T10:16:14,766][DEBUG] [mybatis.spring.mapper.ClassPathMapperScanner]: Ignored because not a concrete top-level class: file [C:\spring\Board\target\test-classes\org\tmkim\mapper\BoardMapperTests.class]
[2022-07-22T10:16:14,767][DEBUG] [mybatis.spring.mapper.ClassPathMapperScanner]: Identified candidate component class: file [C:\spring\Board\target\classes\org\tmkim\mapper\BoardMapper.class]
[2022-07-22T10:16:14,770][DEBUG] [mybatis.spring.mapper.ClassPathMapperScanner]: Creating MapperFactoryBean with name 'boardMapper' and 'org.tmkim.mapper.BoardMapper' mapperInterface
[2022-07-22T10:16:14,772][DEBUG] [mybatis.spring.mapper.ClassPathMapperScanner]: Enabling autowire by type for MapperFactoryBean with name 'boardMapper'.
[2022-07-22T10:16:14,789][DEBUG] [com.zaxxer.hikari.HikariConfig]: Driver class net.sf.log4jdbc.sql.jdbcapi.DriverSpy found in Thread context class loader jdk.internal.loader.ClassLoaders$AppClassLoader@6659c656
[2022-07-22T10:16:14,792][DEBUG] [log4jdbc.debug]: log4jdbc-logj2 properties initialization...
[2022-07-22T10:16:14,792][DEBUG] [log4jdbc.debug]: Using logger: null
[2022-07-22T10:16:14,792][DEBUG] [log4jdbc.debug]: x log4jdbc.debug.stack.prefix is not defined
[2022-07-22T10:16:14,792][DEBUG] [log4jdbc.debug]: x log4jdbc.sqltiming.warn.threshold is not defined
[2022-07-22T10:16:14,793][DEBUG] [log4jdbc.debug]: x log4jdbc.sqltiming.error.threshold is not defined
[2022-07-22T10:16:14,793][DEBUG] [log4jdbc.debug]: x log4jdbc.dump.booleanastruefalse is not defined (using default value false)
[2022-07-22T10:16:14,793][DEBUG] [log4jdbc.debug]: x log4jdbc.dump.sql.maxlinelength is not defined (using default of 90)
[2022-07-22T10:16:14,793][DEBUG] [log4jdbc.debug]: x log4jdbc.dump.fulldebugstacktrace is not defined (using default value false)
[2022-07-22T10:16:14,793][DEBUG] [log4jdbc.debug]: x log4jdbc.statement.warn is not defined (using default value false)
[2022-07-22T10:16:14,793][DEBUG] [log4jdbc.debug]: x log4jdbc.dump.sql.select is not defined (using default value true)
[2022-07-22T10:16:14,793][DEBUG] [log4jdbc.debug]: x log4jdbc.dump.sql.insert is not defined (using default value true)
[2022-07-22T10:16:14,793][DEBUG] [log4jdbc.debug]: x log4jdbc.dump.sql.update is not defined (using default value true)
[2022-07-22T10:16:14,793][DEBUG] [log4jdbc.debug]: x log4jdbc.dump.sql.delete is not defined (using default value true)
[2022-07-22T10:16:14,793][DEBUG] [log4jdbc.debug]: x log4jdbc.dump.sql.create is not defined (using default value true)
[2022-07-22T10:16:14,793][DEBUG] [log4jdbc.debug]: x log4jdbc.dump.sql.addsemicolon is not defined (using default value false)
[2022-07-22T10:16:14,793][DEBUG] [log4jdbc.debug]: x log4jdbc.auto.load.popular.drivers is not defined (using default value true)
[2022-07-22T10:16:14,794][DEBUG] [log4jdbc.debug]: x log4jdbc.drivers is not defined
[2022-07-22T10:16:14,794][DEBUG] [log4jdbc.debug]: x log4jdbc.trim.sql is not defined (using default value true)
[2022-07-22T10:16:14,794][DEBUG] [log4jdbc.debug]: x log4jdbc.trim.sql.extrablanklines is not defined (using default value true)
[2022-07-22T10:16:14,794][DEBUG] [log4jdbc.debug]: x log4jdbc.suppress.generated.keys.exception is not defined (using default value false)
[2022-07-22T10:16:14,794][DEBUG] [log4jdbc.debug]: log4jdbc-logj2 properties initialization done.
[2022-07-22T10:16:14,794][DEBUG] [log4jdbc.debug]: DriverSpy intialization...
[2022-07-22T10:16:14,842][DEBUG] [log4jdbc.debug]:   FOUND DRIVER oracle.jdbc.OracleDriver
[2022-07-22T10:16:14,842][DEBUG] [log4jdbc.debug]:   FOUND DRIVER oracle.jdbc.driver.OracleDriver
[2022-07-22T10:16:14,845][DEBUG] [log4jdbc.debug]: DriverSpy intialization done.
[2022-07-22T10:16:14,860][DEBUG] [com.zaxxer.hikari.HikariConfig]: HikariPool-1 - configuration:
[2022-07-22T10:16:14,867][DEBUG] [com.zaxxer.hikari.HikariConfig]: allowPoolSuspension.............false
[2022-07-22T10:16:14,867][DEBUG] [com.zaxxer.hikari.HikariConfig]: autoCommit......................true
[2022-07-22T10:16:14,867][DEBUG] [com.zaxxer.hikari.HikariConfig]: catalog.........................none
[2022-07-22T10:16:14,868][DEBUG] [com.zaxxer.hikari.HikariConfig]: connectionInitSql...............none
[2022-07-22T10:16:14,868][DEBUG] [com.zaxxer.hikari.HikariConfig]: connectionTestQuery.............none
[2022-07-22T10:16:14,868][DEBUG] [com.zaxxer.hikari.HikariConfig]: connectionTimeout...............30000
[2022-07-22T10:16:14,868][DEBUG] [com.zaxxer.hikari.HikariConfig]: dataSource......................none
[2022-07-22T10:16:14,868][DEBUG] [com.zaxxer.hikari.HikariConfig]: dataSourceClassName.............none
[2022-07-22T10:16:14,868][DEBUG] [com.zaxxer.hikari.HikariConfig]: dataSourceJNDI..................none
[2022-07-22T10:16:14,869][DEBUG] [com.zaxxer.hikari.HikariConfig]: dataSourceProperties............{password=<masked>}
[2022-07-22T10:16:14,869][DEBUG] [com.zaxxer.hikari.HikariConfig]: driverClassName................."net.sf.log4jdbc.sql.jdbcapi.DriverSpy"
[2022-07-22T10:16:14,869][DEBUG] [com.zaxxer.hikari.HikariConfig]: exceptionOverrideClassName......none
[2022-07-22T10:16:14,869][DEBUG] [com.zaxxer.hikari.HikariConfig]: healthCheckProperties...........{}
[2022-07-22T10:16:14,869][DEBUG] [com.zaxxer.hikari.HikariConfig]: healthCheckRegistry.............none
[2022-07-22T10:16:14,870][DEBUG] [com.zaxxer.hikari.HikariConfig]: idleTimeout.....................600000
[2022-07-22T10:16:14,870][DEBUG] [com.zaxxer.hikari.HikariConfig]: initializationFailTimeout.......1
[2022-07-22T10:16:14,870][DEBUG] [com.zaxxer.hikari.HikariConfig]: isolateInternalQueries..........false
[2022-07-22T10:16:14,870][DEBUG] [com.zaxxer.hikari.HikariConfig]: jdbcUrl.........................jdbc:log4jdbc:oracle:thin:@localhost:1521:XE
[2022-07-22T10:16:14,870][DEBUG] [com.zaxxer.hikari.HikariConfig]: keepaliveTime...................0
[2022-07-22T10:16:14,870][DEBUG] [com.zaxxer.hikari.HikariConfig]: leakDetectionThreshold..........0
[2022-07-22T10:16:14,870][DEBUG] [com.zaxxer.hikari.HikariConfig]: maxLifetime.....................1800000
[2022-07-22T10:16:14,871][DEBUG] [com.zaxxer.hikari.HikariConfig]: maximumPoolSize.................10
[2022-07-22T10:16:14,871][DEBUG] [com.zaxxer.hikari.HikariConfig]: metricRegistry..................none
[2022-07-22T10:16:14,871][DEBUG] [com.zaxxer.hikari.HikariConfig]: metricsTrackerFactory...........none
[2022-07-22T10:16:14,871][DEBUG] [com.zaxxer.hikari.HikariConfig]: minimumIdle.....................10
[2022-07-22T10:16:14,871][DEBUG] [com.zaxxer.hikari.HikariConfig]: password........................<masked>
[2022-07-22T10:16:14,871][DEBUG] [com.zaxxer.hikari.HikariConfig]: poolName........................"HikariPool-1"
[2022-07-22T10:16:14,871][DEBUG] [com.zaxxer.hikari.HikariConfig]: readOnly........................false
[2022-07-22T10:16:14,871][DEBUG] [com.zaxxer.hikari.HikariConfig]: registerMbeans..................false
[2022-07-22T10:16:14,872][DEBUG] [com.zaxxer.hikari.HikariConfig]: scheduledExecutor...............none
[2022-07-22T10:16:14,872][DEBUG] [com.zaxxer.hikari.HikariConfig]: schema..........................none
[2022-07-22T10:16:14,872][DEBUG] [com.zaxxer.hikari.HikariConfig]: threadFactory...................internal
[2022-07-22T10:16:14,872][DEBUG] [com.zaxxer.hikari.HikariConfig]: transactionIsolation............default
[2022-07-22T10:16:14,872][DEBUG] [com.zaxxer.hikari.HikariConfig]: username........................"book_ex"
[2022-07-22T10:16:14,872][DEBUG] [com.zaxxer.hikari.HikariConfig]: validationTimeout...............5000
[2022-07-22T10:16:14,873][ INFO] [com.zaxxer.hikari.HikariDataSource]: HikariPool-1 - Starting...
[2022-07-22T10:16:15,648][ INFO] [log4jdbc.log4j2]:  com.zaxxer.hikari.util.DriverDataSource.getConnection(DriverDataSource.java:138)
1. Connection opened. {executed in 755ms} 
open connections:  1 (1)
[2022-07-22T10:16:15,649][ INFO] [log4jdbc.log4j2]:  com.zaxxer.hikari.util.DriverDataSource.getConnection(DriverDataSource.java:138)
1. Connection.new Connection returned 
[2022-07-22T10:16:15,649][ INFO] [log4jdbc.log4j2]:  com.zaxxer.hikari.pool.PoolBase.getAndSetNetworkTimeout(PoolBase.java:527)
1. Connection.getNetworkTimeout() returned 0
[2022-07-22T10:16:15,650][ INFO] [log4jdbc.log4j2]:  com.zaxxer.hikari.pool.PoolBase.setupConnection(PoolBase.java:403)
1. Connection.isReadOnly() returned false
[2022-07-22T10:16:15,650][ INFO] [log4jdbc.log4j2]:  com.zaxxer.hikari.pool.PoolBase.setupConnection(PoolBase.java:407)
1. Connection.getAutoCommit() returned true
[2022-07-22T10:16:15,651][ INFO] [log4jdbc.log4j2]:  com.zaxxer.hikari.pool.PoolBase.checkValidationSupport(PoolBase.java:459)
1. Connection.isValid(1) returned true
[2022-07-22T10:16:15,652][ INFO] [log4jdbc.log4j2]:  com.zaxxer.hikari.pool.PoolBase.checkDefaultIsolation(PoolBase.java:480)
1. Connection.getTransactionIsolation() returned 2
[2022-07-22T10:16:15,654][ INFO] [zaxxer.hikari.pool.HikariPool]: HikariPool-1 - Added connection net.sf.log4jdbc.sql.jdbcapi.ConnectionSpy@49a26d19
[2022-07-22T10:16:15,656][ INFO] [com.zaxxer.hikari.HikariDataSource]: HikariPool-1 - Start completed.
[2022-07-22T10:16:15,669][DEBUG] [org.mybatis.spring.SqlSessionFactoryBean]: Property 'configuration' or 'configLocation' not specified, using default MyBatis Configuration
[2022-07-22T10:16:15,702][DEBUG] [org.mybatis.spring.SqlSessionFactoryBean]: Property 'mapperLocations' was not specified.
[2022-07-22T10:16:15,758][DEBUG] [zaxxer.hikari.pool.HikariPool]: HikariPool-1 - Pool stats (total=1, active=0, idle=1, waiting=0)
[2022-07-22T10:16:15,790][ INFO] [log4jdbc.log4j2]:  com.zaxxer.hikari.util.DriverDataSource.getConnection(DriverDataSource.java:138)
2. Connection opened. {executed in 31ms} 
open connections:  1 2 (2)
[2022-07-22T10:16:15,790][ INFO] [log4jdbc.log4j2]:  com.zaxxer.hikari.util.DriverDataSource.getConnection(DriverDataSource.java:138)
2. Connection.new Connection returned 
[2022-07-22T10:16:15,791][ INFO] [log4jdbc.log4j2]:  com.zaxxer.hikari.pool.PoolBase.setupConnection(PoolBase.java:403)
2. Connection.isReadOnly() returned false
[2022-07-22T10:16:15,791][ INFO] [log4jdbc.log4j2]:  com.zaxxer.hikari.pool.PoolBase.setupConnection(PoolBase.java:407)
2. Connection.getAutoCommit() returned true
[2022-07-22T10:16:15,791][DEBUG] [zaxxer.hikari.pool.HikariPool]: HikariPool-1 - Added connection net.sf.log4jdbc.sql.jdbcapi.ConnectionSpy@65a7eaad
[2022-07-22T10:16:15,838][ INFO] [log4jdbc.log4j2]:  com.zaxxer.hikari.util.DriverDataSource.getConnection(DriverDataSource.java:138)
3. Connection opened. {executed in 35ms} 
open connections:  1 2 3 (3)
[2022-07-22T10:16:15,839][ INFO] [log4jdbc.log4j2]:  com.zaxxer.hikari.util.DriverDataSource.getConnection(DriverDataSource.java:138)
3. Connection.new Connection returned 
[2022-07-22T10:16:15,839][ INFO] [log4jdbc.log4j2]:  com.zaxxer.hikari.pool.PoolBase.setupConnection(PoolBase.java:403)
3. Connection.isReadOnly() returned false
[2022-07-22T10:16:15,839][ INFO] [log4jdbc.log4j2]:  com.zaxxer.hikari.pool.PoolBase.setupConnection(PoolBase.java:407)
3. Connection.getAutoCommit() returned true
[2022-07-22T10:16:15,839][DEBUG] [zaxxer.hikari.pool.HikariPool]: HikariPool-1 - Added connection net.sf.log4jdbc.sql.jdbcapi.ConnectionSpy@5a595c85
[2022-07-22T10:16:15,844][DEBUG] [org.mybatis.spring.SqlSessionUtils]: Creating a new SqlSession
[2022-07-22T10:16:15,851][DEBUG] [org.mybatis.spring.SqlSessionUtils]: SqlSession [org.apache.ibatis.session.defaults.DefaultSqlSession@4110765e] was not registered for synchronization because synchronization is not active
[2022-07-22T10:16:15,863][ INFO] [log4jdbc.log4j2]:  com.zaxxer.hikari.pool.HikariProxyConnection.getAutoCommit(HikariProxyConnection.java:-1)
1. Connection.getAutoCommit() returned true
[2022-07-22T10:16:15,871][DEBUG] [mybatis.spring.transaction.SpringManagedTransaction]: JDBC Connection [HikariProxyConnection@1857126088 wrapping net.sf.log4jdbc.sql.jdbcapi.ConnectionSpy@49a26d19] will not be managed by Spring
[2022-07-22T10:16:15,880][DEBUG] [tmkim.mapper.BoardMapper.getList]: ==>  Preparing: select * from tbl_board where bno > 0
[2022-07-22T10:16:15,903][ INFO] [log4jdbc.log4j2]:  com.zaxxer.hikari.util.DriverDataSource.getConnection(DriverDataSource.java:138)
4. Connection opened. {executed in 39ms} 
open connections:  1 2 3 4 (4)
[2022-07-22T10:16:15,903][ INFO] [log4jdbc.log4j2]:  com.zaxxer.hikari.util.DriverDataSource.getConnection(DriverDataSource.java:138)
4. Connection.new Connection returned 
[2022-07-22T10:16:15,904][ INFO] [log4jdbc.log4j2]:  com.zaxxer.hikari.pool.PoolBase.setupConnection(PoolBase.java:403)
4. Connection.isReadOnly() returned false
[2022-07-22T10:16:15,904][ INFO] [log4jdbc.log4j2]:  com.zaxxer.hikari.pool.PoolBase.setupConnection(PoolBase.java:407)
4. Connection.getAutoCommit() returned true
[2022-07-22T10:16:15,904][DEBUG] [zaxxer.hikari.pool.HikariPool]: HikariPool-1 - Added connection net.sf.log4jdbc.sql.jdbcapi.ConnectionSpy@30d85f07
[2022-07-22T10:16:15,960][ INFO] [log4jdbc.log4j2]:  com.zaxxer.hikari.util.DriverDataSource.getConnection(DriverDataSource.java:138)
5. Connection opened. {executed in 37ms} 
open connections:  1 2 3 4 5 (5)
[2022-07-22T10:16:15,961][ INFO] [log4jdbc.log4j2]:  com.zaxxer.hikari.util.DriverDataSource.getConnection(DriverDataSource.java:138)
5. Connection.new Connection returned 
[2022-07-22T10:16:15,961][ INFO] [log4jdbc.log4j2]:  com.zaxxer.hikari.pool.PoolBase.setupConnection(PoolBase.java:403)
5. Connection.isReadOnly() returned false
[2022-07-22T10:16:15,961][ INFO] [log4jdbc.log4j2]:  com.zaxxer.hikari.pool.PoolBase.setupConnection(PoolBase.java:407)
5. Connection.getAutoCommit() returned true
[2022-07-22T10:16:15,961][DEBUG] [zaxxer.hikari.pool.HikariPool]: HikariPool-1 - Added connection net.sf.log4jdbc.sql.jdbcapi.ConnectionSpy@26c30f34
[2022-07-22T10:16:15,996][ INFO] [log4jdbc.log4j2]:  com.zaxxer.hikari.pool.ProxyConnection.prepareStatement(ProxyConnection.java:327)
1. PreparedStatement.new PreparedStatement returned 
[2022-07-22T10:16:15,997][ INFO] [log4jdbc.log4j2]:  com.zaxxer.hikari.pool.ProxyConnection.prepareStatement(ProxyConnection.java:327)
1. Connection.prepareStatement(select * from tbl_board where bno > 0) returned net.sf.log4jdbc.sql.jdbcapi.PreparedStatementSpy@d277579
[2022-07-22T10:16:16,022][ INFO] [log4jdbc.log4j2]:  com.zaxxer.hikari.util.DriverDataSource.getConnection(DriverDataSource.java:138)
6. Connection opened. {executed in 38ms} 
open connections:  1 2 3 4 5 6 (6)
[2022-07-22T10:16:16,023][ INFO] [log4jdbc.log4j2]:  com.zaxxer.hikari.util.DriverDataSource.getConnection(DriverDataSource.java:138)
6. Connection.new Connection returned 
[2022-07-22T10:16:16,023][ INFO] [log4jdbc.log4j2]:  com.zaxxer.hikari.pool.PoolBase.setupConnection(PoolBase.java:403)
6. Connection.isReadOnly() returned false
[2022-07-22T10:16:16,023][ INFO] [log4jdbc.log4j2]:  com.zaxxer.hikari.pool.PoolBase.setupConnection(PoolBase.java:407)
6. Connection.getAutoCommit() returned true
[2022-07-22T10:16:16,023][DEBUG] [zaxxer.hikari.pool.HikariPool]: HikariPool-1 - Added connection net.sf.log4jdbc.sql.jdbcapi.ConnectionSpy@66ca5126
[2022-07-22T10:16:16,024][DEBUG] [tmkim.mapper.BoardMapper.getList]: ==> Parameters: 
[2022-07-22T10:16:16,081][ INFO] [log4jdbc.log4j2]:  com.zaxxer.hikari.util.DriverDataSource.getConnection(DriverDataSource.java:138)
7. Connection opened. {executed in 35ms} 
open connections:  1 2 3 4 5 6 7 (7)
[2022-07-22T10:16:16,081][ INFO] [log4jdbc.log4j2]:  com.zaxxer.hikari.util.DriverDataSource.getConnection(DriverDataSource.java:138)
7. Connection.new Connection returned 
[2022-07-22T10:16:16,082][ INFO] [log4jdbc.log4j2]:  com.zaxxer.hikari.pool.PoolBase.setupConnection(PoolBase.java:403)
7. Connection.isReadOnly() returned false
[2022-07-22T10:16:16,082][ INFO] [log4jdbc.log4j2]:  com.zaxxer.hikari.pool.PoolBase.setupConnection(PoolBase.java:407)
7. Connection.getAutoCommit() returned true
[2022-07-22T10:16:16,082][DEBUG] [zaxxer.hikari.pool.HikariPool]: HikariPool-1 - Added connection net.sf.log4jdbc.sql.jdbcapi.ConnectionSpy@204c811e
[2022-07-22T10:16:16,098][ INFO] [log4jdbc.log4j2]:  com.zaxxer.hikari.pool.ProxyPreparedStatement.execute(ProxyPreparedStatement.java:44)
1. select * from tbl_board where bno > 0  {executed in 73 ms}
[2022-07-22T10:16:16,099][ INFO] [log4jdbc.log4j2]:  com.zaxxer.hikari.pool.ProxyPreparedStatement.execute(ProxyPreparedStatement.java:44)
1. PreparedStatement.execute() returned true
[2022-07-22T10:16:16,108][ INFO] [log4jdbc.log4j2]:  com.zaxxer.hikari.pool.ProxyStatement.getResultSet(ProxyStatement.java:213)
1. ResultSet.new ResultSet returned 
[2022-07-22T10:16:16,108][ INFO] [log4jdbc.log4j2]:  com.zaxxer.hikari.pool.ProxyStatement.getResultSet(ProxyStatement.java:213)
1. PreparedStatement.getResultSet() returned net.sf.log4jdbc.sql.jdbcapi.ResultSetSpy@6801b414
[2022-07-22T10:16:16,130][ INFO] [log4jdbc.log4j2]:  com.zaxxer.hikari.pool.HikariProxyResultSet.getMetaData(HikariProxyResultSet.java:-1)
1. ResultSet.getMetaData() returned oracle.jdbc.driver.OracleResultSetMetaData@1a3e8e24
[2022-07-22T10:16:16,131][ INFO] [log4jdbc.log4j2]:  com.zaxxer.hikari.pool.HikariProxyResultSet.getType(HikariProxyResultSet.java:-1)
1. ResultSet.getType() returned 1003
[2022-07-22T10:16:16,132][ INFO] [log4jdbc.log4j2]:  com.zaxxer.hikari.pool.HikariProxyResultSet.isClosed(HikariProxyResultSet.java:-1)
1. ResultSet.isClosed() returned false
[2022-07-22T10:16:16,132][ INFO] [log4jdbc.log4j2]:  com.zaxxer.hikari.pool.HikariProxyResultSet.next(HikariProxyResultSet.java:-1)
1. ResultSet.next() returned true
[2022-07-22T10:16:16,135][ INFO] [log4jdbc.log4j2]:  com.zaxxer.hikari.util.DriverDataSource.getConnection(DriverDataSource.java:138)
8. Connection opened. {executed in 29ms} 
open connections:  1 2 3 4 5 6 7 8 (8)
[2022-07-22T10:16:16,136][ INFO] [log4jdbc.log4j2]:  com.zaxxer.hikari.util.DriverDataSource.getConnection(DriverDataSource.java:138)
8. Connection.new Connection returned 
[2022-07-22T10:16:16,136][ INFO] [log4jdbc.log4j2]:  com.zaxxer.hikari.pool.PoolBase.setupConnection(PoolBase.java:403)
8. Connection.isReadOnly() returned false
[2022-07-22T10:16:16,136][ INFO] [log4jdbc.log4j2]:  com.zaxxer.hikari.pool.PoolBase.setupConnection(PoolBase.java:407)
8. Connection.getAutoCommit() returned true
[2022-07-22T10:16:16,136][DEBUG] [zaxxer.hikari.pool.HikariPool]: HikariPool-1 - Added connection net.sf.log4jdbc.sql.jdbcapi.ConnectionSpy@108186b7
[2022-07-22T10:16:16,141][ INFO] [log4jdbc.log4j2]:  com.zaxxer.hikari.pool.HikariProxyResultSet.getLong(HikariProxyResultSet.java:-1)
1. ResultSet.getLong(BNO) returned 1
[2022-07-22T10:16:16,142][ INFO] [log4jdbc.log4j2]:  com.zaxxer.hikari.pool.HikariProxyResultSet.getString(HikariProxyResultSet.java:-1)
1. ResultSet.getString(TITLE) returned 1
[2022-07-22T10:16:16,142][ INFO] [log4jdbc.log4j2]:  com.zaxxer.hikari.pool.HikariProxyResultSet.getString(HikariProxyResultSet.java:-1)
1. ResultSet.getString(CONTENT) returned 1
[2022-07-22T10:16:16,142][ INFO] [log4jdbc.log4j2]:  com.zaxxer.hikari.pool.HikariProxyResultSet.getString(HikariProxyResultSet.java:-1)
1. ResultSet.getString(WRITER) returned user00
[2022-07-22T10:16:16,147][ INFO] [log4jdbc.log4j2]:  com.zaxxer.hikari.pool.HikariProxyResultSet.getTimestamp(HikariProxyResultSet.java:-1)
1. ResultSet.getTimestamp(UPDATEDATE) returned 2022-07-22 01:08:26.0
[2022-07-22T10:16:16,147][ INFO] [log4jdbc.log4j2]:  com.zaxxer.hikari.pool.HikariProxyResultSet.isClosed(HikariProxyResultSet.java:-1)
1. ResultSet.isClosed() returned false
[2022-07-22T10:16:16,148][ INFO] [log4jdbc.log4j2]:  com.zaxxer.hikari.pool.HikariProxyResultSet.next(HikariProxyResultSet.java:-1)
1. ResultSet.next() returned true
[2022-07-22T10:16:16,148][ INFO] [log4jdbc.log4j2]:  com.zaxxer.hikari.pool.HikariProxyResultSet.getLong(HikariProxyResultSet.java:-1)
1. ResultSet.getLong(BNO) returned 2
[2022-07-22T10:16:16,149][ INFO] [log4jdbc.log4j2]:  com.zaxxer.hikari.pool.HikariProxyResultSet.getString(HikariProxyResultSet.java:-1)
1. ResultSet.getString(TITLE) returned 1
[2022-07-22T10:16:16,149][ INFO] [log4jdbc.log4j2]:  com.zaxxer.hikari.pool.HikariProxyResultSet.getString(HikariProxyResultSet.java:-1)
1. ResultSet.getString(CONTENT) returned 1
[2022-07-22T10:16:16,149][ INFO] [log4jdbc.log4j2]:  com.zaxxer.hikari.pool.HikariProxyResultSet.getString(HikariProxyResultSet.java:-1)
1. ResultSet.getString(WRITER) returned user01
[2022-07-22T10:16:16,150][ INFO] [log4jdbc.log4j2]:  com.zaxxer.hikari.pool.HikariProxyResultSet.getTimestamp(HikariProxyResultSet.java:-1)
1. ResultSet.getTimestamp(UPDATEDATE) returned 2022-07-22 01:09:22.0
[2022-07-22T10:16:16,150][ INFO] [log4jdbc.log4j2]:  com.zaxxer.hikari.pool.HikariProxyResultSet.isClosed(HikariProxyResultSet.java:-1)
1. ResultSet.isClosed() returned false
[2022-07-22T10:16:16,150][ INFO] [log4jdbc.log4j2]:  com.zaxxer.hikari.pool.HikariProxyResultSet.next(HikariProxyResultSet.java:-1)
1. ResultSet.next() returned true
[2022-07-22T10:16:16,150][ INFO] [log4jdbc.log4j2]:  com.zaxxer.hikari.pool.HikariProxyResultSet.getLong(HikariProxyResultSet.java:-1)
1. ResultSet.getLong(BNO) returned 3
[2022-07-22T10:16:16,151][ INFO] [log4jdbc.log4j2]:  com.zaxxer.hikari.pool.HikariProxyResultSet.getString(HikariProxyResultSet.java:-1)
1. ResultSet.getString(TITLE) returned 2
[2022-07-22T10:16:16,151][ INFO] [log4jdbc.log4j2]:  com.zaxxer.hikari.pool.HikariProxyResultSet.getString(HikariProxyResultSet.java:-1)
1. ResultSet.getString(CONTENT) returned 2
[2022-07-22T10:16:16,151][ INFO] [log4jdbc.log4j2]:  com.zaxxer.hikari.pool.HikariProxyResultSet.getString(HikariProxyResultSet.java:-1)
1. ResultSet.getString(WRITER) returned user02
[2022-07-22T10:16:16,151][ INFO] [log4jdbc.log4j2]:  com.zaxxer.hikari.pool.HikariProxyResultSet.getTimestamp(HikariProxyResultSet.java:-1)
1. ResultSet.getTimestamp(UPDATEDATE) returned 2022-07-22 01:09:22.0
[2022-07-22T10:16:16,151][ INFO] [log4jdbc.log4j2]:  com.zaxxer.hikari.pool.HikariProxyResultSet.isClosed(HikariProxyResultSet.java:-1)
1. ResultSet.isClosed() returned false
[2022-07-22T10:16:16,152][ INFO] [log4jdbc.log4j2]:  com.zaxxer.hikari.pool.HikariProxyResultSet.next(HikariProxyResultSet.java:-1)
1. ResultSet.next() returned true
[2022-07-22T10:16:16,152][ INFO] [log4jdbc.log4j2]:  com.zaxxer.hikari.pool.HikariProxyResultSet.getLong(HikariProxyResultSet.java:-1)
1. ResultSet.getLong(BNO) returned 4
[2022-07-22T10:16:16,153][ INFO] [log4jdbc.log4j2]:  com.zaxxer.hikari.pool.HikariProxyResultSet.getString(HikariProxyResultSet.java:-1)
1. ResultSet.getString(TITLE) returned 3
[2022-07-22T10:16:16,153][ INFO] [log4jdbc.log4j2]:  com.zaxxer.hikari.pool.HikariProxyResultSet.getString(HikariProxyResultSet.java:-1)
1. ResultSet.getString(CONTENT) returned 3
[2022-07-22T10:16:16,153][ INFO] [log4jdbc.log4j2]:  com.zaxxer.hikari.pool.HikariProxyResultSet.getString(HikariProxyResultSet.java:-1)
1. ResultSet.getString(WRITER) returned user03
[2022-07-22T10:16:16,154][ INFO] [log4jdbc.log4j2]:  com.zaxxer.hikari.pool.HikariProxyResultSet.getTimestamp(HikariProxyResultSet.java:-1)
1. ResultSet.getTimestamp(UPDATEDATE) returned 2022-07-22 01:09:22.0
[2022-07-22T10:16:16,154][ INFO] [log4jdbc.log4j2]:  com.zaxxer.hikari.pool.HikariProxyResultSet.isClosed(HikariProxyResultSet.java:-1)
1. ResultSet.isClosed() returned false
[2022-07-22T10:16:16,155][ INFO] [log4jdbc.log4j2]:  com.zaxxer.hikari.pool.HikariProxyResultSet.next(HikariProxyResultSet.java:-1)
1. ResultSet.next() returned true
[2022-07-22T10:16:16,156][ INFO] [log4jdbc.log4j2]:  com.zaxxer.hikari.pool.HikariProxyResultSet.getLong(HikariProxyResultSet.java:-1)
1. ResultSet.getLong(BNO) returned 5
[2022-07-22T10:16:16,156][ INFO] [log4jdbc.log4j2]:  com.zaxxer.hikari.pool.HikariProxyResultSet.getString(HikariProxyResultSet.java:-1)
1. ResultSet.getString(TITLE) returned 4
[2022-07-22T10:16:16,156][ INFO] [log4jdbc.log4j2]:  com.zaxxer.hikari.pool.HikariProxyResultSet.getString(HikariProxyResultSet.java:-1)
1. ResultSet.getString(CONTENT) returned 4
[2022-07-22T10:16:16,157][ INFO] [log4jdbc.log4j2]:  com.zaxxer.hikari.pool.HikariProxyResultSet.getString(HikariProxyResultSet.java:-1)
1. ResultSet.getString(WRITER) returned user04
[2022-07-22T10:16:16,157][ INFO] [log4jdbc.log4j2]:  com.zaxxer.hikari.pool.HikariProxyResultSet.getTimestamp(HikariProxyResultSet.java:-1)
1. ResultSet.getTimestamp(UPDATEDATE) returned 2022-07-22 01:09:22.0
[2022-07-22T10:16:16,158][ INFO] [log4jdbc.log4j2]:  com.zaxxer.hikari.pool.HikariProxyResultSet.isClosed(HikariProxyResultSet.java:-1)
1. ResultSet.isClosed() returned false
[2022-07-22T10:16:16,158][ INFO] [log4jdbc.log4j2]:  com.zaxxer.hikari.pool.HikariProxyResultSet.next(HikariProxyResultSet.java:-1)
1. ResultSet.next() returned true
[2022-07-22T10:16:16,159][ INFO] [log4jdbc.log4j2]:  com.zaxxer.hikari.pool.HikariProxyResultSet.getLong(HikariProxyResultSet.java:-1)
1. ResultSet.getLong(BNO) returned 6
[2022-07-22T10:16:16,159][ INFO] [log4jdbc.log4j2]:  com.zaxxer.hikari.pool.HikariProxyResultSet.getString(HikariProxyResultSet.java:-1)
1. ResultSet.getString(TITLE) returned 5
[2022-07-22T10:16:16,160][ INFO] [log4jdbc.log4j2]:  com.zaxxer.hikari.pool.HikariProxyResultSet.getString(HikariProxyResultSet.java:-1)
1. ResultSet.getString(CONTENT) returned 5
[2022-07-22T10:16:16,160][ INFO] [log4jdbc.log4j2]:  com.zaxxer.hikari.pool.HikariProxyResultSet.getString(HikariProxyResultSet.java:-1)
1. ResultSet.getString(WRITER) returned user05
[2022-07-22T10:16:16,161][ INFO] [log4jdbc.log4j2]:  com.zaxxer.hikari.pool.HikariProxyResultSet.getTimestamp(HikariProxyResultSet.java:-1)
1. ResultSet.getTimestamp(UPDATEDATE) returned 2022-07-22 01:09:22.0
[2022-07-22T10:16:16,161][ INFO] [log4jdbc.log4j2]:  com.zaxxer.hikari.pool.HikariProxyResultSet.isClosed(HikariProxyResultSet.java:-1)
1. ResultSet.isClosed() returned false
[2022-07-22T10:16:16,162][ INFO] [log4jdbc.log4j2]:  com.zaxxer.hikari.pool.HikariProxyResultSet.next(HikariProxyResultSet.java:-1)
1. ResultSet.next() returned true
[2022-07-22T10:16:16,162][ INFO] [log4jdbc.log4j2]:  com.zaxxer.hikari.pool.HikariProxyResultSet.getLong(HikariProxyResultSet.java:-1)
1. ResultSet.getLong(BNO) returned 7
[2022-07-22T10:16:16,163][ INFO] [log4jdbc.log4j2]:  com.zaxxer.hikari.pool.HikariProxyResultSet.getString(HikariProxyResultSet.java:-1)
1. ResultSet.getString(TITLE) returned 6
[2022-07-22T10:16:16,163][ INFO] [log4jdbc.log4j2]:  com.zaxxer.hikari.pool.HikariProxyResultSet.getString(HikariProxyResultSet.java:-1)
1. ResultSet.getString(CONTENT) returned 6
[2022-07-22T10:16:16,163][ INFO] [log4jdbc.log4j2]:  com.zaxxer.hikari.pool.HikariProxyResultSet.getString(HikariProxyResultSet.java:-1)
1. ResultSet.getString(WRITER) returned user06
[2022-07-22T10:16:16,164][ INFO] [log4jdbc.log4j2]:  com.zaxxer.hikari.pool.HikariProxyResultSet.getTimestamp(HikariProxyResultSet.java:-1)
1. ResultSet.getTimestamp(UPDATEDATE) returned 2022-07-22 01:09:22.0
[2022-07-22T10:16:16,164][ INFO] [log4jdbc.log4j2]:  com.zaxxer.hikari.pool.HikariProxyResultSet.isClosed(HikariProxyResultSet.java:-1)
1. ResultSet.isClosed() returned false
[2022-07-22T10:16:16,164][ INFO] [log4jdbc.log4j2]:  com.zaxxer.hikari.pool.HikariProxyResultSet.next(HikariProxyResultSet.java:-1)
1. ResultSet.next() returned true
[2022-07-22T10:16:16,165][ INFO] [log4jdbc.log4j2]:  com.zaxxer.hikari.pool.HikariProxyResultSet.getLong(HikariProxyResultSet.java:-1)
1. ResultSet.getLong(BNO) returned 8
[2022-07-22T10:16:16,165][ INFO] [log4jdbc.log4j2]:  com.zaxxer.hikari.pool.HikariProxyResultSet.getString(HikariProxyResultSet.java:-1)
1. ResultSet.getString(TITLE) returned 7
[2022-07-22T10:16:16,165][ INFO] [log4jdbc.log4j2]:  com.zaxxer.hikari.pool.HikariProxyResultSet.getString(HikariProxyResultSet.java:-1)
1. ResultSet.getString(CONTENT) returned 7
[2022-07-22T10:16:16,166][ INFO] [log4jdbc.log4j2]:  com.zaxxer.hikari.pool.HikariProxyResultSet.getString(HikariProxyResultSet.java:-1)
1. ResultSet.getString(WRITER) returned user07
[2022-07-22T10:16:16,167][ INFO] [log4jdbc.log4j2]:  com.zaxxer.hikari.pool.HikariProxyResultSet.getTimestamp(HikariProxyResultSet.java:-1)
1. ResultSet.getTimestamp(UPDATEDATE) returned 2022-07-22 01:09:22.0
[2022-07-22T10:16:16,167][ INFO] [log4jdbc.log4j2]:  com.zaxxer.hikari.pool.HikariProxyResultSet.isClosed(HikariProxyResultSet.java:-1)
1. ResultSet.isClosed() returned false
[2022-07-22T10:16:16,168][ INFO] [log4jdbc.log4j2]:  com.zaxxer.hikari.pool.HikariProxyResultSet.next(HikariProxyResultSet.java:-1)
1. ResultSet.next() returned true
[2022-07-22T10:16:16,168][ INFO] [log4jdbc.log4j2]:  com.zaxxer.hikari.pool.HikariProxyResultSet.getLong(HikariProxyResultSet.java:-1)
1. ResultSet.getLong(BNO) returned 9
[2022-07-22T10:16:16,169][ INFO] [log4jdbc.log4j2]:  com.zaxxer.hikari.pool.HikariProxyResultSet.getString(HikariProxyResultSet.java:-1)
1. ResultSet.getString(TITLE) returned 8
[2022-07-22T10:16:16,169][ INFO] [log4jdbc.log4j2]:  com.zaxxer.hikari.pool.HikariProxyResultSet.getString(HikariProxyResultSet.java:-1)
1. ResultSet.getString(CONTENT) returned 8
[2022-07-22T10:16:16,169][ INFO] [log4jdbc.log4j2]:  com.zaxxer.hikari.pool.HikariProxyResultSet.getString(HikariProxyResultSet.java:-1)
1. ResultSet.getString(WRITER) returned user08
[2022-07-22T10:16:16,170][ INFO] [log4jdbc.log4j2]:  com.zaxxer.hikari.pool.HikariProxyResultSet.getTimestamp(HikariProxyResultSet.java:-1)
1. ResultSet.getTimestamp(UPDATEDATE) returned 2022-07-22 01:09:22.0
[2022-07-22T10:16:16,170][ INFO] [log4jdbc.log4j2]:  com.zaxxer.hikari.pool.HikariProxyResultSet.isClosed(HikariProxyResultSet.java:-1)
1. ResultSet.isClosed() returned false
[2022-07-22T10:16:16,171][ INFO] [log4jdbc.log4j2]:  com.zaxxer.hikari.pool.HikariProxyResultSet.next(HikariProxyResultSet.java:-1)
1. ResultSet.next() returned true
[2022-07-22T10:16:16,171][ INFO] [log4jdbc.log4j2]:  com.zaxxer.hikari.pool.HikariProxyResultSet.getLong(HikariProxyResultSet.java:-1)
1. ResultSet.getLong(BNO) returned 10
[2022-07-22T10:16:16,172][ INFO] [log4jdbc.log4j2]:  com.zaxxer.hikari.pool.HikariProxyResultSet.getString(HikariProxyResultSet.java:-1)
1. ResultSet.getString(TITLE) returned 9
[2022-07-22T10:16:16,172][ INFO] [log4jdbc.log4j2]:  com.zaxxer.hikari.pool.HikariProxyResultSet.getString(HikariProxyResultSet.java:-1)
1. ResultSet.getString(CONTENT) returned 9
[2022-07-22T10:16:16,172][ INFO] [log4jdbc.log4j2]:  com.zaxxer.hikari.pool.HikariProxyResultSet.getString(HikariProxyResultSet.java:-1)
1. ResultSet.getString(WRITER) returned user09
[2022-07-22T10:16:16,173][ INFO] [log4jdbc.log4j2]:  com.zaxxer.hikari.pool.HikariProxyResultSet.getTimestamp(HikariProxyResultSet.java:-1)
1. ResultSet.getTimestamp(UPDATEDATE) returned 2022-07-22 01:09:22.0
[2022-07-22T10:16:16,174][ INFO] [log4jdbc.log4j2]:  com.zaxxer.hikari.pool.HikariProxyResultSet.isClosed(HikariProxyResultSet.java:-1)
1. ResultSet.isClosed() returned false
[2022-07-22T10:16:16,178][ INFO] [log4jdbc.log4j2]: 
|----|------|--------|-------|----------------------|----------------------|
|bno |title |content |writer |regdate               |updatedate            |
|----|------|--------|-------|----------------------|----------------------|
|1   |1   |1     |user00 |2022-07-22 01:08:26.0 |2022-07-22 01:08:26.0 |
|2   |1   |1     |user01 |2022-07-22 01:09:22.0 |2022-07-22 01:09:22.0 |
|3   |2   |2     |user02 |2022-07-22 01:09:22.0 |2022-07-22 01:09:22.0 |
|4   |3   |3     |user03 |2022-07-22 01:09:22.0 |2022-07-22 01:09:22.0 |
|5   |4   |4     |user04 |2022-07-22 01:09:22.0 |2022-07-22 01:09:22.0 |
|6   |5   |5     |user05 |2022-07-22 01:09:22.0 |2022-07-22 01:09:22.0 |
|7   |6   |6     |user06 |2022-07-22 01:09:22.0 |2022-07-22 01:09:22.0 |
|8   |7   |7     |user07 |2022-07-22 01:09:22.0 |2022-07-22 01:09:22.0 |
|9   |8   |8     |user08 |2022-07-22 01:09:22.0 |2022-07-22 01:09:22.0 |
|10  |9   |9     |user09 |2022-07-22 01:09:22.0 |2022-07-22 01:09:22.0 |
|----|------|--------|-------|----------------------|----------------------|

[2022-07-22T10:16:16,179][ INFO] [log4jdbc.log4j2]:  com.zaxxer.hikari.pool.HikariProxyResultSet.next(HikariProxyResultSet.java:-1)
1. ResultSet.next() returned false
[2022-07-22T10:16:16,180][DEBUG] [tmkim.mapper.BoardMapper.getList]: <==      Total: 10
[2022-07-22T10:16:16,180][ INFO] [log4jdbc.log4j2]:  com.zaxxer.hikari.pool.HikariProxyResultSet.close(HikariProxyResultSet.java:-1)
1. ResultSet.close() returned void
[2022-07-22T10:16:16,180][ INFO] [log4jdbc.log4j2]:  com.zaxxer.hikari.pool.ProxyConnection.getMetaData(ProxyConnection.java:370)
1. Connection.getMetaData() returned oracle.jdbc.driver.OracleDatabaseMetaData@7c52fc81
[2022-07-22T10:16:16,185][ INFO] [log4jdbc.log4j2]:  com.zaxxer.hikari.pool.ProxyStatement.close(ProxyStatement.java:75)
1. PreparedStatement.close() returned 
[2022-07-22T10:16:16,186][DEBUG] [org.mybatis.spring.SqlSessionUtils]: Closing non transactional SqlSession [org.apache.ibatis.session.defaults.DefaultSqlSession@4110765e]
[2022-07-22T10:16:16,188][ INFO] [log4jdbc.log4j2]:  com.zaxxer.hikari.pool.ProxyConnection.close(ProxyConnection.java:257)
1. Connection.clearWarnings() returned 
[2022-07-22T10:16:16,191][ INFO] [log4jdbc.log4j2]:  com.zaxxer.hikari.util.DriverDataSource.getConnection(DriverDataSource.java:138)
9. Connection opened. {executed in 39ms} 
open connections:  1 2 3 4 5 6 7 8 9 (9)
[2022-07-22T10:16:16,191][ INFO] [log4jdbc.log4j2]:  com.zaxxer.hikari.util.DriverDataSource.getConnection(DriverDataSource.java:138)
9. Connection.new Connection returned 
[2022-07-22T10:16:16,191][ INFO] [log4jdbc.log4j2]:  com.zaxxer.hikari.pool.PoolBase.setupConnection(PoolBase.java:403)
9. Connection.isReadOnly() returned false
[2022-07-22T10:16:16,192][ INFO] [log4jdbc.log4j2]:  com.zaxxer.hikari.pool.PoolBase.setupConnection(PoolBase.java:407)
9. Connection.getAutoCommit() returned true
[2022-07-22T10:16:16,192][DEBUG] [zaxxer.hikari.pool.HikariPool]: HikariPool-1 - Added connection net.sf.log4jdbc.sql.jdbcapi.ConnectionSpy@410f0cc5
[2022-07-22T10:16:16,190][ INFO] [org.tmkim.mapper.BoardMapperTests]: BoardVO(bno=1, title=1, content=1, writer=user00, redate=null, updateDate=Fri Jul 22 01:08:26 KST 2022)
[2022-07-22T10:16:16,196][ INFO] [org.tmkim.mapper.BoardMapperTests]: BoardVO(bno=2, title=1, content=1, writer=user01, redate=null, updateDate=Fri Jul 22 01:09:22 KST 2022)
[2022-07-22T10:16:16,196][ INFO] [org.tmkim.mapper.BoardMapperTests]: BoardVO(bno=3, title=2, content=2, writer=user02, redate=null, updateDate=Fri Jul 22 01:09:22 KST 2022)
[2022-07-22T10:16:16,196][ INFO] [org.tmkim.mapper.BoardMapperTests]: BoardVO(bno=4, title=3, content=3, writer=user03, redate=null, updateDate=Fri Jul 22 01:09:22 KST 2022)
[2022-07-22T10:16:16,196][ INFO] [org.tmkim.mapper.BoardMapperTests]: BoardVO(bno=5, title=4, content=4, writer=user04, redate=null, updateDate=Fri Jul 22 01:09:22 KST 2022)
[2022-07-22T10:16:16,196][ INFO] [org.tmkim.mapper.BoardMapperTests]: BoardVO(bno=6, title=5, content=5, writer=user05, redate=null, updateDate=Fri Jul 22 01:09:22 KST 2022)
[2022-07-22T10:16:16,196][ INFO] [org.tmkim.mapper.BoardMapperTests]: BoardVO(bno=7, title=6, content=6, writer=user06, redate=null, updateDate=Fri Jul 22 01:09:22 KST 2022)
[2022-07-22T10:16:16,196][ INFO] [org.tmkim.mapper.BoardMapperTests]: BoardVO(bno=8, title=7, content=7, writer=user07, redate=null, updateDate=Fri Jul 22 01:09:22 KST 2022)
[2022-07-22T10:16:16,197][ INFO] [org.tmkim.mapper.BoardMapperTests]: BoardVO(bno=9, title=8, content=8, writer=user08, redate=null, updateDate=Fri Jul 22 01:09:22 KST 2022)
[2022-07-22T10:16:16,197][ INFO] [org.tmkim.mapper.BoardMapperTests]: BoardVO(bno=10, title=9, content=9, writer=user09, redate=null, updateDate=Fri Jul 22 01:09:22 KST 2022)
[2022-07-22T10:16:16,206][ INFO] [com.zaxxer.hikari.HikariDataSource]: HikariPool-1 - Shutdown initiated...
[2022-07-22T10:16:16,207][DEBUG] [zaxxer.hikari.pool.HikariPool]: HikariPool-1 - Before shutdown stats (total=9, active=0, idle=9, waiting=0)
